::1 - - [03/Jan/2022:22:18:39 +0900] "GET /wp-admin/?localwp_auto_login=1 HTTP/1.1" 302 -
::1 - - [03/Jan/2022:22:18:40 +0900] "GET /wp-admin/user/ HTTP/1.1" 302 -
::1 - - [03/Jan/2022:22:18:43 +0900] "GET /wp-includes/js/thickbox/thickbox.css?ver=5.8.2 HTTP/1.1" 200 2659
::1 - - [03/Jan/2022:22:18:43 +0900] "GET /wp-admin/load-styles.php?c=0&dir=ltr&load%5Bchunk_0%5D=dashicons,admin-bar,site-health,common,forms,admin-menu,dashboard,list-tables,edit,revisions,media,themes,about,nav-menus,wp-poi&load%5Bchunk_1%5D=nter,widgets,site-icon,l10n,buttons,wp-auth-check&ver=5.8.2 HTTP/1.1" 200 386721
::1 - - [03/Jan/2022:22:18:43 +0900] "GET /wp-admin/load-scripts.php?c=0&load%5Bchunk_0%5D=jquery-core,jquery-migrate,utils&ver=5.8.2 HTTP/1.1" 200 102612
::1 - - [03/Jan/2022:22:18:42 +0900] "GET /wp-admin/ HTTP/1.1" 200 67749
::1 - - [03/Jan/2022:22:18:43 +0900] "GET /wp-includes/js/wp-emoji-release.min.js?ver=5.8.2 HTTP/1.1" 200 18181
::1 - - [03/Jan/2022:22:18:43 +0900] "GET /wp-includes/css/editor.min.css?ver=5.8.2 HTTP/1.1" 200 27188
::1 - - [03/Jan/2022:22:18:43 +0900] "GET /wp-includes/js/dist/i18n.min.js?ver=5f1269854226b4dd90450db411a12b79 HTTP/1.1" 200 9866
::1 - - [03/Jan/2022:22:18:43 +0900] "GET /wp-admin/js/common.min.js?ver=5.8.2 HTTP/1.1" 200 20037
::1 - - [03/Jan/2022:22:18:43 +0900] "GET /wp-admin/load-scripts.php?c=0&load%5Bchunk_0%5D=hoverIntent,regenerator-runtime,wp-polyfill,wp-hooks&ver=5.8.2 HTTP/1.1" 200 29800
::1 - - [03/Jan/2022:22:18:43 +0900] "GET /wp-includes/js/hoverintent-js.min.js?ver=2.2.1 HTTP/1.1" 200 1718
::1 - - [03/Jan/2022:22:18:43 +0900] "GET /wp-includes/js/admin-bar.min.js?ver=5.8.2 HTTP/1.1" 200 3556
::1 - - [03/Jan/2022:22:18:43 +0900] "GET /wp-includes/js/underscore.min.js?ver=1.13.1 HTTP/1.1" 200 19076
::1 - - [03/Jan/2022:22:18:43 +0900] "GET /wp-includes/js/clipboard.min.js?ver=5.8.2 HTTP/1.1" 200 10607
::1 - - [03/Jan/2022:22:18:43 +0900] "GET /wp-includes/js/wp-util.min.js?ver=5.8.2 HTTP/1.1" 200 1340
::1 - - [03/Jan/2022:22:18:43 +0900] "GET /wp-includes/js/dist/a11y.min.js?ver=0ac8327cc1c40dcfdf29716affd7ac63 HTTP/1.1" 200 3009
::1 - - [03/Jan/2022:22:18:43 +0900] "GET /wp-includes/js/dist/dom-ready.min.js?ver=71883072590656bf22c74c7b887df3dd HTTP/1.1" 200 1257
::1 - - [03/Jan/2022:22:18:43 +0900] "GET /wp-includes/js/api-request.min.js?ver=5.8.2 HTTP/1.1" 200 1025
::1 - - [03/Jan/2022:22:18:43 +0900] "GET /wp-includes/js/dist/vendor/lodash.min.js?ver=4.17.19 HTTP/1.1" 200 73015
::1 - - [03/Jan/2022:22:18:43 +0900] "GET /wp-includes/js/dist/url.min.js?ver=d4bdf85a96aa587b52f4b8d58b4457c1 HTTP/1.1" 200 5002
::1 - - [03/Jan/2022:22:18:43 +0900] "GET /wp-admin/js/site-health.min.js?ver=5.8.2 HTTP/1.1" 200 6142
::1 - - [03/Jan/2022:22:18:43 +0900] "GET /wp-includes/js/wp-ajax-response.min.js?ver=5.8.2 HTTP/1.1" 200 2082
::1 - - [03/Jan/2022:22:18:43 +0900] "GET /wp-includes/js/jquery/jquery.color.min.js?ver=2.1.2 HTTP/1.1" 200 9315
::1 - - [03/Jan/2022:22:18:43 +0900] "GET /wp-includes/js/wp-lists.min.js?ver=5.8.2 HTTP/1.1" 200 7442
::1 - - [03/Jan/2022:22:18:43 +0900] "GET /wp-includes/js/jquery/jquery.query.js?ver=2.1.7 HTTP/1.1" 200 3785
::1 - - [03/Jan/2022:22:18:43 +0900] "GET /wp-includes/js/quicktags.min.js?ver=5.8.2 HTTP/1.1" 200 11133
::1 - - [03/Jan/2022:22:18:43 +0900] "GET /wp-admin/js/edit-comments.min.js?ver=5.8.2 HTTP/1.1" 200 15268
::1 - - [03/Jan/2022:22:18:43 +0900] "GET /wp-includes/js/jquery/ui/core.min.js?ver=1.12.1 HTTP/1.1" 200 20787
::1 - - [03/Jan/2022:22:18:43 +0900] "GET /wp-admin/js/postbox.min.js?ver=5.8.2 HTTP/1.1" 200 6713
::1 - - [03/Jan/2022:22:18:43 +0900] "GET /wp-includes/js/jquery/ui/mouse.min.js?ver=1.12.1 HTTP/1.1" 200 3380
::1 - - [03/Jan/2022:22:18:43 +0900] "GET /wp-includes/js/jquery/ui/sortable.min.js?ver=1.12.1 HTTP/1.1" 200 24782
::1 - - [03/Jan/2022:22:18:43 +0900] "GET /wp-includes/js/dist/vendor/moment.min.js?ver=2.29.1 HTTP/1.1" 200 58325
::1 - - [03/Jan/2022:22:18:43 +0900] "GET /wp-includes/js/dist/date.min.js?ver=061439ac4325ef057b8f9c142c82a823 HTTP/1.1" 200 203411
::1 - - [03/Jan/2022:22:18:43 +0900] "GET /wp-admin/js/dashboard.min.js?ver=5.8.2 HTTP/1.1" 200 8797
::1 - - [03/Jan/2022:22:18:43 +0900] "GET /wp-includes/js/thickbox/thickbox.js?ver=3.1-20121105 HTTP/1.1" 200 13194
::1 - - [03/Jan/2022:22:18:43 +0900] "GET /wp-includes/js/wp-sanitize.min.js?ver=5.8.2 HTTP/1.1" 200 458
::1 - - [03/Jan/2022:22:18:43 +0900] "GET /wp-includes/js/shortcode.min.js?ver=5.8.2 HTTP/1.1" 200 2650
::1 - - [03/Jan/2022:22:18:43 +0900] "GET /wp-admin/js/updates.min.js?ver=5.8.2 HTTP/1.1" 200 41065
::1 - - [03/Jan/2022:22:18:43 +0900] "GET /wp-admin/js/media-upload.min.js?ver=5.8.2 HTTP/1.1" 200 1152
::1 - - [03/Jan/2022:22:18:43 +0900] "GET /wp-admin/js/svg-painter.js?ver=5.8.2 HTTP/1.1" 200 5522
::1 - - [03/Jan/2022:22:18:43 +0900] "GET /wp-admin/js/plugin-install.min.js?ver=5.8.2 HTTP/1.1" 200 2403
::1 - - [03/Jan/2022:22:18:43 +0900] "GET /wp-includes/js/heartbeat.min.js?ver=5.8.2 HTTP/1.1" 200 5877
::1 - - [03/Jan/2022:22:18:43 +0900] "GET /wp-includes/js/wp-auth-check.min.js?ver=5.8.2 HTTP/1.1" 200 1658
::1 - - [03/Jan/2022:22:18:43 +0900] "GET /wp-includes/js/jquery/ui/menu.min.js?ver=1.12.1 HTTP/1.1" 200 9531
::1 - - [03/Jan/2022:22:18:43 +0900] "GET /wp-includes/js/wplink.min.js?ver=5.8.2 HTTP/1.1" 200 11270
::1 - - [03/Jan/2022:22:18:43 +0900] "GET /wp-includes/js/jquery/ui/autocomplete.min.js?ver=1.12.1 HTTP/1.1" 200 8539
::1 - - [03/Jan/2022:22:18:44 +0900] "GET /wp-includes/js/thickbox/loadingAnimation.gif HTTP/1.1" 200 15238
::1 - - [03/Jan/2022:22:18:44 +0900] "GET /wp-admin/admin-ajax.php?action=wp-compression-test&test=1&_ajax_nonce=33c4aa054b&1641215924184 HTTP/1.1" 200 1114
::1 - - [03/Jan/2022:22:18:44 +0900] "POST /wp-admin/admin-ajax.php HTTP/1.1" 200 2022
::1 - - [03/Jan/2022:22:18:45 +0900] "GET /wp-admin/images/spinner-2x.gif HTTP/1.1" 200 7536
::1 - - [03/Jan/2022:22:18:44 +0900] "GET /favicon.ico HTTP/1.1" 302 -
::1 - - [03/Jan/2022:22:18:45 +0900] "GET /wp-includes/images/w-logo-blue-white-bg.png HTTP/1.1" 200 4119
::1 - - [03/Jan/2022:22:18:44 +0900] "GET /wp-admin/admin-ajax.php?action=wp-compression-test&test=2&_ajax_nonce=33c4aa054b&1641215924392 HTTP/1.1" 200 572
::1 - - [03/Jan/2022:22:18:45 +0900] "GET /wp-admin/admin-ajax.php?action=wp-compression-test&test=yes&_ajax_nonce=33c4aa054b&1641215925266 HTTP/1.1" 200 1
::1 - - [03/Jan/2022:22:18:47 +0900] "GET / HTTP/1.1" 200 17886
::1 - - [03/Jan/2022:22:18:47 +0900] "GET /wp-includes/css/dashicons.min.css?ver=5.8.2 HTTP/1.1" 200 59016
::1 - - [03/Jan/2022:22:18:47 +0900] "GET /wp-includes/css/admin-bar.min.css?ver=5.8.2 HTTP/1.1" 200 19750
::1 - - [03/Jan/2022:22:18:47 +0900] "GET /wp-content/themes/twentytwentyone/assets/js/responsive-embeds.js?ver=1.4 HTTP/1.1" 200 1127
::1 - - [03/Jan/2022:22:18:47 +0900] "GET /wp-includes/css/dist/block-library/style.min.css?ver=5.8.2 HTTP/1.1" 200 80574
::1 - - [03/Jan/2022:22:18:47 +0900] "GET /wp-content/themes/twentytwentyone/style.css?ver=1.4 HTTP/1.1" 200 156153
::1 - - [03/Jan/2022:22:18:47 +0900] "GET /wp-includes/js/wp-embed.min.js?ver=5.8.2 HTTP/1.1" 200 1426
::1 - - [03/Jan/2022:22:18:47 +0900] "GET /wp-content/themes/twentytwentyone/assets/css/print.css?ver=1.4 HTTP/1.1" 200 2897
::1 - - [03/Jan/2022:22:18:44 +0900] "GET /wp-admin/admin-ajax.php?action=dashboard-widgets&widget=dashboard_primary&pagenow=dashboard HTTP/1.1" 200 857
::1 - - [03/Jan/2022:22:19:46 +0900] "POST /wp-cron.php?doing_wp_cron=1641215986.8501489162445068359375 HTTP/1.1" 200 -
::1 - - [03/Jan/2022:22:19:46 +0900] "POST /wp-admin/admin-ajax.php HTTP/1.1" 200 47
::1 - - [03/Jan/2022:22:19:46 +0900] "\x16\x03\x01" 400 226
::1 - - [03/Jan/2022:22:19:46 +0900] "\x16\x03\x01" 400 226
::1 - - [03/Jan/2022:22:20:46 +0900] "POST /wp-admin/admin-ajax.php HTTP/1.1" 200 47
::1 - - [03/Jan/2022:22:20:52 +0900] "GET /wp-admin/load-scripts.php?c=1&load%5Bchunk_0%5D=jquery-core,jquery-migrate,utils&ver=5.8.2 HTTP/1.1" 200 102612
::1 - - [03/Jan/2022:22:20:52 +0900] "GET /wp-admin/load-styles.php?c=1&dir=ltr&load%5Bchunk_0%5D=dashicons,admin-bar,common,forms,admin-menu,dashboard,list-tables,edit,revisions,media,themes,about,nav-menus,wp-pointer,widgets&load%5Bchunk_1%5D=,site-icon,l10n,buttons,wp-auth-check&ver=5.8.2 HTTP/1.1" 200 381608
::1 - - [03/Jan/2022:22:20:52 +0900] "GET /wp-admin/options-general.php HTTP/1.1" 200 64729
::1 - - [03/Jan/2022:22:20:53 +0900] "GET /wp-admin/load-scripts.php?c=1&load%5Bchunk_0%5D=hoverIntent,regenerator-runtime,wp-polyfill,wp-hooks&ver=5.8.2 HTTP/1.1" 200 29800
::1 - - [03/Jan/2022:22:21:40 +0900] "POST /wp-admin/options.php HTTP/1.1" 302 -
::1 - - [03/Jan/2022:22:21:40 +0900] "GET /wp-admin/options-general.php?settings-updated=true HTTP/1.1" 200 64985
::1 - - [03/Jan/2022:22:21:57 +0900] "GET /wp-admin/plugins.php HTTP/1.1" 200 35950
::1 - - [03/Jan/2022:22:22:30 +0900] "GET /wp-admin/plugins.php HTTP/1.1" 200 35950
::1 - - [03/Jan/2022:22:22:53 +0900] "GET /wp-admin/plugin-install.php HTTP/1.1" 200 78131
::1 - - [03/Jan/2022:22:23:00 +0900] "POST /wp-admin/admin-ajax.php HTTP/1.1" 200 10515
::1 - - [03/Jan/2022:22:23:05 +0900] "POST /wp-admin/admin-ajax.php HTTP/1.1" 200 103833
::1 - - [03/Jan/2022:22:23:07 +0900] "POST /wp-admin/admin-ajax.php HTTP/1.1" 200 29494
::1 - - [03/Jan/2022:22:23:10 +0900] "POST /wp-admin/admin-ajax.php HTTP/1.1" 200 68228
::1 - - [03/Jan/2022:22:23:39 +0900] "POST /wp-admin/admin-ajax.php HTTP/1.1" 200 10515
::1 - - [03/Jan/2022:22:23:55 +0900] "POST /wp-admin/admin-ajax.php HTTP/1.1" 200 47
::1 - - [03/Jan/2022:22:24:06 +0900] "POST /wp-admin/admin-ajax.php HTTP/1.1" 200 103510
::1 - - [03/Jan/2022:22:24:13 +0900] "POST /wp-admin/admin-ajax.php HTTP/1.1" 200 256
::1 - - [03/Jan/2022:22:24:50 +0900] "GET /wp-admin/plugins.php?_wpnonce=14f04996cf&action=activate&plugin=wp-multibyte-patch/wp-multibyte-patch.php HTTP/1.1" 302 -
::1 - - [03/Jan/2022:22:24:52 +0900] "GET /wp-admin/plugins.php?activate=true&plugin_status=all&paged=1&s= HTTP/1.1" 200 40086
::1 - - [03/Jan/2022:22:25:17 +0900] "GET / HTTP/1.1" 200 17886
::1 - - [03/Jan/2022:22:25:20 +0900] "GET /wp-admin/load-styles.php?c=1&dir=ltr&load%5Bchunk_0%5D=dashicons,admin-bar,site-health,common,forms,admin-menu,dashboard,list-tables,edit,revisions,media,themes,about,nav-menus,wp-poi&load%5Bchunk_1%5D=nter,widgets,site-icon,l10n,buttons,wp-auth-check&ver=5.8.2 HTTP/1.1" 200 386721
::1 - - [03/Jan/2022:22:25:20 +0900] "GET /wp-admin/ HTTP/1.1" 200 67244
::1 - - [03/Jan/2022:22:25:20 +0900] "POST /wp-admin/admin-ajax.php HTTP/1.1" 200 2022
::1 - - [03/Jan/2022:22:26:20 +0900] "POST /wp-admin/admin-ajax.php HTTP/1.1" 200 47
::1 - - [03/Jan/2022:22:28:00 +0900] "POST /wp-admin/admin-ajax.php HTTP/1.1" 200 47
::1 - - [03/Jan/2022:22:28:17 +0900] "GET /wp-admin/users.php HTTP/1.1" 200 34675
::1 - - [03/Jan/2022:22:28:53 +0900] "GET /wp-admin/themes.php HTTP/1.1" 200 51369
::1 - - [03/Jan/2022:22:28:53 +0900] "GET /wp-content/themes/twentytwentyone/screenshot.png HTTP/1.1" 200 282897
::1 - - [03/Jan/2022:22:28:53 +0900] "GET /wp-content/themes/twentynineteen/screenshot.png HTTP/1.1" 200 175535
::1 - - [03/Jan/2022:22:28:53 +0900] "GET /wp-content/themes/twentytwenty/screenshot.png HTTP/1.1" 200 53066
::1 - - [03/Jan/2022:22:28:53 +0900] "GET /wp-includes/js/backbone.min.js?ver=1.4.0 HTTP/1.1" 200 23818
::1 - - [03/Jan/2022:22:28:53 +0900] "GET /wp-includes/js/wp-backbone.min.js?ver=5.8.2 HTTP/1.1" 200 3037
::1 - - [03/Jan/2022:22:28:53 +0900] "GET /wp-admin/js/theme.min.js?ver=5.8.2 HTTP/1.1" 200 26960
::1 - - [03/Jan/2022:22:28:53 +0900] "GET /wp-includes/js/customize-base.min.js?ver=5.8.2 HTTP/1.1" 200 7856
::1 - - [03/Jan/2022:22:28:56 +0900] "GET /wp-includes/js/imgareaselect/imgareaselect.css?ver=0.9.8 HTTP/1.1" 200 790
::1 - - [03/Jan/2022:22:28:56 +0900] "GET /wp-content/themes/twentynineteen/style-editor-customizer.css?ver=1.1 HTTP/1.1" 200 159
::1 - - [03/Jan/2022:22:28:57 +0900] "GET /wp-includes/js/mediaelement/mediaelementplayer-legacy.min.css?ver=4.2.16 HTTP/1.1" 200 11256
::1 - - [03/Jan/2022:22:28:57 +0900] "GET /wp-includes/js/mediaelement/wp-mediaelement.min.css?ver=5.8.2 HTTP/1.1" 200 4186
::1 - - [03/Jan/2022:22:28:57 +0900] "GET /wp-includes/js/codemirror/codemirror.min.css?ver=5.29.1-alpha-ee20357 HTTP/1.1" 200 15899
::1 - - [03/Jan/2022:22:28:57 +0900] "GET /wp-includes/js/jquery/ui/draggable.min.js?ver=1.12.1 HTTP/1.1" 200 18291
::1 - - [03/Jan/2022:22:28:57 +0900] "GET /wp-includes/js/jquery/ui/droppable.min.js?ver=1.12.1 HTTP/1.1" 200 6581
::1 - - [03/Jan/2022:22:28:57 +0900] "GET /wp-includes/js/utils.min.js?ver=5.8.2 HTTP/1.1" 200 1864
::1 - - [03/Jan/2022:22:28:57 +0900] "GET /wp-admin/js/editor.min.js?ver=5.8.2 HTTP/1.1" 200 13211
::1 - - [03/Jan/2022:22:28:57 +0900] "GET /wp-includes/js/media-models.min.js?ver=5.8.2 HTTP/1.1" 200 14293
::1 - - [03/Jan/2022:22:28:57 +0900] "GET /wp-includes/js/plupload/moxie.min.js?ver=1.3.5 HTTP/1.1" 200 87654
::1 - - [03/Jan/2022:22:28:57 +0900] "GET /wp-includes/js/plupload/plupload.min.js?ver=2.1.9 HTTP/1.1" 200 15612
::1 - - [03/Jan/2022:22:28:57 +0900] "GET /wp-includes/js/plupload/wp-plupload.min.js?ver=5.8.2 HTTP/1.1" 200 5979
::1 - - [03/Jan/2022:22:28:57 +0900] "GET /wp-includes/js/mediaelement/mediaelement-migrate.min.js?ver=5.8.2 HTTP/1.1" 200 1193
::1 - - [03/Jan/2022:22:28:57 +0900] "GET /wp-includes/js/mediaelement/mediaelement-and-player.min.js?ver=4.2.16 HTTP/1.1" 200 157610
::1 - - [03/Jan/2022:22:28:57 +0900] "GET /wp-includes/js/mediaelement/wp-mediaelement.min.js?ver=5.8.2 HTTP/1.1" 200 906
::1 - - [03/Jan/2022:22:28:57 +0900] "GET /wp-includes/js/media-views.min.js?ver=5.8.2 HTTP/1.1" 200 111267
::1 - - [03/Jan/2022:22:28:57 +0900] "GET /wp-admin/js/nav-menu.min.js?ver=5.8.2 HTTP/1.1" 200 25616
::1 - - [03/Jan/2022:22:28:57 +0900] "GET /wp-includes/js/media-editor.min.js?ver=5.8.2 HTTP/1.1" 200 10909
::1 - - [03/Jan/2022:22:28:57 +0900] "GET /wp-includes/js/media-audiovideo.min.js?ver=5.8.2 HTTP/1.1" 200 12964
::1 - - [03/Jan/2022:22:28:57 +0900] "GET /wp-includes/js/codemirror/codemirror.min.js?ver=5.29.1-alpha-ee20357 HTTP/1.1" 200 585414
::1 - - [03/Jan/2022:22:28:57 +0900] "GET /wp-admin/js/code-editor.min.js?ver=5.8.2 HTTP/1.1" 200 3084
::1 - - [03/Jan/2022:22:28:57 +0900] "GET /wp-admin/js/widgets/media-audio-widget.min.js?ver=5.8.2 HTTP/1.1" 200 1447
::1 - - [03/Jan/2022:22:28:57 +0900] "GET /wp-admin/js/widgets/media-image-widget.min.js?ver=5.8.2 HTTP/1.1" 200 2024
::1 - - [03/Jan/2022:22:28:57 +0900] "GET /wp-admin/js/widgets/media-widgets.min.js?ver=5.8.2 HTTP/1.1" 200 14253
::1 - - [03/Jan/2022:22:28:57 +0900] "GET /wp-admin/js/widgets/media-video-widget.min.js?ver=5.8.2 HTTP/1.1" 200 2704
::1 - - [03/Jan/2022:22:28:57 +0900] "GET /wp-admin/js/widgets/media-gallery-widget.min.js?ver=5.8.2 HTTP/1.1" 200 3766
::1 - - [03/Jan/2022:22:28:57 +0900] "GET /wp-admin/js/widgets/text-widgets.min.js?ver=5.8.2 HTTP/1.1" 200 5854
::1 - - [03/Jan/2022:22:28:57 +0900] "GET /wp-includes/js/codemirror/htmlhint.js?ver=0.9.14-xwp HTTP/1.1" 200 17735
::1 - - [03/Jan/2022:22:28:57 +0900] "GET /wp-includes/js/codemirror/csslint.js?ver=1.0.5 HTTP/1.1" 200 366769
::1 - - [03/Jan/2022:22:28:57 +0900] "GET /wp-includes/js/codemirror/fakejshint.js?ver=2.9.5 HTTP/1.1" 200 1002
::1 - - [03/Jan/2022:22:28:57 +0900] "GET /wp-admin/js/widgets/custom-html-widgets.min.js?ver=5.8.2 HTTP/1.1" 200 5571
::1 - - [03/Jan/2022:22:28:57 +0900] "GET /wp-includes/js/codemirror/esprima.js?ver=4.0.0 HTTP/1.1" 200 283149
::1 - - [03/Jan/2022:22:28:57 +0900] "GET /wp-includes/js/dist/vendor/react.min.js?ver=16.13.1 HTTP/1.1" 200 12463
::1 - - [03/Jan/2022:22:28:57 +0900] "GET /wp-includes/js/dist/blob.min.js?ver=4eca38a62df5f0145a5f1a78858581e7 HTTP/1.1" 200 1574
::1 - - [03/Jan/2022:22:28:56 +0900] "GET /wp-admin/load-styles.php?c=1&dir=ltr&load%5Bchunk_0%5D=dashicons,common,forms,admin-menu,dashboard,list-tables,edit,revisions,media,themes,about,nav-menus,wp-pointer,widgets,site-icon&load%5Bchunk_1%5D=,l10n,buttons,customize-controls,customize-widgets,wp-block-library,wp-block-library-theme,wp-components,wp-widgets,wp-block-edi&load%5Bchunk_2%5D=tor,wp-nux,wp-reusable-blocks,wp-editor,wp-reset-editor-styles,wp-editor-classic-layout-styles,wp-edit-blocks,wp-customize-widge&load%5Bchunk_3%5D=ts,wp-block-directory,wp-format-library,customize-nav-menus,media-views,code-editor,wp-color-picker&ver=5.8.2 HTTP/1.1" 200 903713
::1 - - [03/Jan/2022:22:28:57 +0900] "GET /wp-includes/js/dist/autop.min.js?ver=0e55c6c10f6d8a4bd90b2ea903436301 HTTP/1.1" 200 6247
::1 - - [03/Jan/2022:22:28:57 +0900] "GET /wp-includes/js/dist/block-serialization-default-parser.min.js?ver=2fc6dec19af6d4c5e5fec8f6fdc1a10b HTTP/1.1" 200 3015
::1 - - [03/Jan/2022:22:28:57 +0900] "GET /wp-includes/js/dist/deprecated.min.js?ver=932d8bb37da8bbb396a7a3f754345e08 HTTP/1.1" 200 1564
::1 - - [03/Jan/2022:22:28:57 +0900] "GET /wp-includes/js/dist/dom.min.js?ver=a82fdb54a6baeb86aa639117061bf119 HTTP/1.1" 200 13610
::1 - - [03/Jan/2022:22:28:57 +0900] "GET /wp-includes/js/dist/vendor/react-dom.min.js?ver=16.13.1 HTTP/1.1" 200 118656
::1 - - [03/Jan/2022:22:28:57 +0900] "GET /wp-includes/js/dist/escape-html.min.js?ver=dcba9e40e8782c7d5883426934834b3e HTTP/1.1" 200 1783
::1 - - [03/Jan/2022:22:28:57 +0900] "GET /wp-includes/js/dist/is-shallow-equal.min.js?ver=9b8d91804cfb3ef5b14e6ef816664072 HTTP/1.1" 200 1696
::1 - - [03/Jan/2022:22:28:57 +0900] "GET /wp-admin/load-scripts.php?c=1&load%5Bchunk_0%5D=jquery-core,jquery-migrate,regenerator-runtime,wp-polyfill,wp-hooks,underscore,wp-dom-ready&ver=5.8.2 HTTP/1.1" 200 149401
::1 - - [03/Jan/2022:22:28:57 +0900] "GET /wp-includes/js/dist/keycodes.min.js?ver=0b881ee2324067c223d746a87ae4ddda HTTP/1.1" 200 3414
::1 - - [03/Jan/2022:22:28:57 +0900] "GET /wp-includes/js/dist/element.min.js?ver=43a121e875f299c637e1115581bee905 HTTP/1.1" 200 9240
::1 - - [03/Jan/2022:22:28:57 +0900] "GET /wp-includes/js/dist/priority-queue.min.js?ver=b2e76fb9887a285b5eff38763f2ac2fc HTTP/1.1" 200 1636
::1 - - [03/Jan/2022:22:28:57 +0900] "GET /wp-admin/load-styles.php?c=1&dir=ltr&load%5Bchunk_0%5D=editor-buttons&ver=5.8.2 HTTP/1.1" 200 27189
::1 - - [03/Jan/2022:22:28:57 +0900] "GET /wp-includes/js/dist/compose.min.js?ver=35754587ca81a116927d3de1017f4fa0 HTTP/1.1" 200 32431
::1 - - [03/Jan/2022:22:28:57 +0900] "GET /wp-includes/js/dist/redux-routine.min.js?ver=fd5f93d1f8206c65d1891cf1f898211e HTTP/1.1" 200 9608
::1 - - [03/Jan/2022:22:28:57 +0900] "GET /wp-includes/js/dist/html-entities.min.js?ver=26307b6ad1e445fc1a4643f634cb29c6 HTTP/1.1" 200 1416
::1 - - [03/Jan/2022:22:28:57 +0900] "GET /wp-includes/js/dist/primitives.min.js?ver=fedf57cf6da174d1eca2875b8b730af3 HTTP/1.1" 200 2896
::1 - - [03/Jan/2022:22:28:57 +0900] "GET /wp-includes/js/dist/shortcode.min.js?ver=361473450d55d9ffe30983cf22f42a8f HTTP/1.1" 200 3996
::1 - - [03/Jan/2022:22:28:57 +0900] "GET /wp-includes/js/dist/data.min.js?ver=a9e98fe3ad76884fe7909ba8348395b7 HTTP/1.1" 200 22555
::1 - - [03/Jan/2022:22:28:57 +0900] "GET /wp-includes/js/dist/blocks.min.js?ver=7ed7fe32dad771c4e0af4f56539ff156 HTTP/1.1" 200 158047
::1 - - [03/Jan/2022:22:28:57 +0900] "GET /wp-admin/load-scripts.php?c=1&load%5Bchunk_0%5D=heartbeat,customize-base,customize-controls,customize-widgets&ver=5.8.2 HTTP/1.1" 200 152844
::1 - - [03/Jan/2022:22:28:57 +0900] "GET /wp-includes/js/dist/rich-text.min.js?ver=10cd4e4656806fb1a6884c84213af69c HTTP/1.1" 200 34096
::1 - - [03/Jan/2022:22:28:57 +0900] "GET /wp-includes/js/dist/warning.min.js?ver=3e70e9d62208deeee510b84df4dec7f1 HTTP/1.1" 200 2834
::1 - - [03/Jan/2022:22:28:57 +0900] "GET /wp-includes/js/dist/keyboard-shortcuts.min.js?ver=d70c8cb490d99422cf8f2693ab7e88d0 HTTP/1.1" 200 4619
::1 - - [03/Jan/2022:22:28:57 +0900] "GET /wp-includes/js/dist/token-list.min.js?ver=4440092061c305ccc3ebf8ce18138c8a HTTP/1.1" 200 2124
::1 - - [03/Jan/2022:22:28:57 +0900] "GET /wp-includes/js/dist/components.min.js?ver=413e179f8a99bd28091ba5cc6f72c9f3 HTTP/1.1" 200 645355
::1 - - [03/Jan/2022:22:28:57 +0900] "GET /wp-includes/js/dist/wordcount.min.js?ver=83b86052fd3fc408a609e60d52164115 HTTP/1.1" 200 3255
::1 - - [03/Jan/2022:22:28:57 +0900] "GET /wp-includes/js/dist/api-fetch.min.js?ver=134e23b5f88ba06a093f9f92520a98df HTTP/1.1" 200 5756
::1 - - [03/Jan/2022:22:28:57 +0900] "GET /wp-includes/js/dist/data-controls.min.js?ver=cb4174d77c57f56732dc41d3bf3b2781 HTTP/1.1" 200 2241
::1 - - [03/Jan/2022:22:28:57 +0900] "GET /wp-includes/js/dist/block-editor.min.js?ver=fc8c27c6e95e7e0d59b4e344cb9ddfed HTTP/1.1" 200 423310
::1 - - [03/Jan/2022:22:28:57 +0900] "GET /wp-includes/js/dist/reusable-blocks.min.js?ver=f210f01a481601fc2639d3f839449c5c HTTP/1.1" 200 7075
::1 - - [03/Jan/2022:22:28:57 +0900] "GET /wp-includes/js/dist/notices.min.js?ver=f5dfeda575085df54ed17c2d8a6afaa4 HTTP/1.1" 200 2636
::1 - - [03/Jan/2022:22:28:57 +0900] "GET /wp-includes/js/dist/server-side-render.min.js?ver=e68a4eae1f1e1f9a993d3bfbb601bad3 HTTP/1.1" 200 4126
::1 - - [03/Jan/2022:22:28:57 +0900] "GET /wp-includes/js/dist/media-utils.min.js?ver=8e557d69e3ef2356d081c60830d157a1 HTTP/1.1" 200 8052
::1 - - [03/Jan/2022:22:28:57 +0900] "GET /wp-includes/js/dist/block-library.min.js?ver=69fc06eecf1aeb26e48b8a47ed38179b HTTP/1.1" 200 483010
::1 - - [03/Jan/2022:22:28:57 +0900] "GET /wp-includes/js/dist/widgets.min.js?ver=2602721770ff18a259ab38ff3bac67bb HTTP/1.1" 200 19070
::1 - - [03/Jan/2022:22:28:57 +0900] "GET /wp-includes/js/dist/core-data.min.js?ver=fe45a7066c931b4d3d0ff96789da023d HTTP/1.1" 200 41646
::1 - - [03/Jan/2022:22:28:56 +0900] "GET /wp-admin/customize.php?theme=twentynineteen&return=http%3A%2F%2Flocalhost%3A10004%2Fwp-admin%2Fthemes.php HTTP/1.1" 200 389865
::1 - - [03/Jan/2022:22:28:57 +0900] "GET /wp-includes/js/dist/editor.min.js?ver=208cadf8632b62c7ccdf2f2feb2398e2 HTTP/1.1" 200 142423
::1 - - [03/Jan/2022:22:28:57 +0900] "GET /wp-includes/js/dist/viewport.min.js?ver=57f92677272305fe301d0d0616d6c8c7 HTTP/1.1" 200 3030
::1 - - [03/Jan/2022:22:28:57 +0900] "GET /wp-includes/js/dist/plugins.min.js?ver=01dbac2843febe57b20f01bdb7a432b8 HTTP/1.1" 200 5330
::1 - - [03/Jan/2022:22:28:57 +0900] "GET /wp-includes/js/dist/edit-post.min.js?ver=3656613c515e40e95a15114467097b39 HTTP/1.1" 200 205281
::1 - - [03/Jan/2022:22:28:57 +0900] "GET /wp-includes/js/dist/block-directory.min.js?ver=59e39b168393c12505197fed91dc8d01 HTTP/1.1" 200 21578
::1 - - [03/Jan/2022:22:28:57 +0900] "GET /wp-includes/js/dist/format-library.min.js?ver=c765b263eb6bc434e4b93dfc8771aaaf HTTP/1.1" 200 18437
::1 - - [03/Jan/2022:22:28:57 +0900] "GET /wp-includes/js/dist/customize-widgets.min.js?ver=779dd942fa1333da9130a6c196eb972e HTTP/1.1" 200 37150
::1 - - [03/Jan/2022:22:28:57 +0900] "GET /wp-admin/js/accordion.min.js?ver=5.8.2 HTTP/1.1" 200 849
::1 - - [03/Jan/2022:22:28:57 +0900] "GET /wp-admin/js/customize-nav-menus.min.js?ver=5.8.2 HTTP/1.1" 200 45659
::1 - - [03/Jan/2022:22:28:57 +0900] "GET /wp-includes/js/imgareaselect/jquery.imgareaselect.min.js?ver=5.8.2 HTTP/1.1" 200 9723
::1 - - [03/Jan/2022:22:28:57 +0900] "GET /wp-includes/js/customize-models.js?ver=5.8.2 HTTP/1.1" 200 6821
::1 - - [03/Jan/2022:22:28:57 +0900] "GET /wp-includes/js/customize-views.js?ver=5.8.2 HTTP/1.1" 200 5065
::1 - - [03/Jan/2022:22:28:57 +0900] "GET /wp-admin/js/image-edit.min.js?ver=5.8.2 HTTP/1.1" 200 11263
::1 - - [03/Jan/2022:22:28:57 +0900] "GET /wp-includes/js/jquery/ui/slider.min.js?ver=1.12.1 HTTP/1.1" 200 10712
::1 - - [03/Jan/2022:22:28:57 +0900] "GET /wp-includes/js/mce-view.min.js?ver=5.8.2 HTTP/1.1" 200 9883
::1 - - [03/Jan/2022:22:28:57 +0900] "GET /wp-admin/js/iris.min.js?ver=1.0.7 HTTP/1.1" 200 23643
::1 - - [03/Jan/2022:22:28:57 +0900] "GET /wp-admin/js/color-picker.min.js?ver=5.8.2 HTTP/1.1" 200 3490
::1 - - [03/Jan/2022:22:28:57 +0900] "GET /wp-includes/js/hoverIntent.min.js?ver=1.10.1 HTTP/1.1" 200 1480
::1 - - [03/Jan/2022:22:28:57 +0900] "GET /wp-includes/js/jquery/jquery.ui.touch-punch.js?ver=0.2.2 HTTP/1.1" 200 1179
::1 - - [03/Jan/2022:22:28:57 +0900] "GET /wp-content/themes/twentynineteen/js/customize-controls.js?ver=20181214 HTTP/1.1" 200 710
::1 - - [03/Jan/2022:22:28:57 +0900] "GET /wp-includes/js/tinymce/wp-tinymce.js?ver=49110-20201110 HTTP/1.1" 200 671350
::1 - - [03/Jan/2022:22:28:57 +0900] "GET /wp-admin/images/arrows-2x.png HTTP/1.1" 200 863
::1 - - [03/Jan/2022:22:28:58 +0900] "GET /wp-json/wp/v2/widget-types?context=edit&per_page=100&_locale=user HTTP/1.1" 200 5630
::1 - - [03/Jan/2022:22:28:59 +0900] "GET /wp-includes/css/customize-preview.min.css?ver=5.8.2 HTTP/1.1" 200 2870
::1 - - [03/Jan/2022:22:28:59 +0900] "GET /wp-includes/js/jquery/jquery.min.js?ver=3.6.0 HTTP/1.1" 200 89521
::1 - - [03/Jan/2022:22:28:59 +0900] "GET /wp-content/themes/twentynineteen/print.css?ver=2.1 HTTP/1.1" 200 3949
::1 - - [03/Jan/2022:22:28:59 +0900] "GET /wp-content/themes/twentynineteen/style.css?ver=2.1 HTTP/1.1" 200 226100
::1 - - [03/Jan/2022:22:28:59 +0900] "GET /wp-includes/js/jquery/jquery-migrate.min.js?ver=3.3.2 HTTP/1.1" 200 11224
::1 - - [03/Jan/2022:22:28:58 +0900] "POST /?customize_changeset_uuid=92f7bad7-b26d-4a9f-a8e4-984bd9e8d93e&customize_theme=twentynineteen&customize_messenger_channel=preview-0&customize_autosaved=on HTTP/1.1" 200 44798
::1 - - [03/Jan/2022:22:28:59 +0900] "GET /wp-includes/js/dist/vendor/wp-polyfill.min.js?ver=3.15.0 HTTP/1.1" 200 16470
::1 - - [03/Jan/2022:22:28:59 +0900] "GET /wp-includes/js/dist/vendor/regenerator-runtime.min.js?ver=0.13.7 HTTP/1.1" 200 6406
::1 - - [03/Jan/2022:22:28:59 +0900] "GET /wp-includes/js/dist/hooks.min.js?ver=a7edae857aab69d69fa10d5aef23a5de HTTP/1.1" 200 5440
::1 - - [03/Jan/2022:22:28:59 +0900] "GET /wp-content/themes/twentynineteen/js/customize-preview.js?ver=20181214 HTTP/1.1" 200 1677
::1 - - [03/Jan/2022:22:28:59 +0900] "GET /wp-includes/js/customize-preview.min.js?ver=5.8.2 HTTP/1.1" 200 10758
::1 - - [03/Jan/2022:22:28:59 +0900] "GET /wp-includes/js/customize-selective-refresh.min.js?ver=5.8.2 HTTP/1.1" 200 10693
::1 - - [03/Jan/2022:22:28:59 +0900] "GET /wp-includes/js/mediaelement/wp-playlist.min.js?ver=5.8.2 HTTP/1.1" 200 3431
::1 - - [03/Jan/2022:22:28:59 +0900] "GET /wp-includes/js/mediaelement/renderers/vimeo.min.js?ver=4.2.16 HTTP/1.1" 200 6464
::1 - - [03/Jan/2022:22:28:59 +0900] "GET /wp-includes/js/customize-preview-widgets.min.js?ver=5.8.2 HTTP/1.1" 200 7824
::1 - - [03/Jan/2022:22:28:59 +0900] "GET /wp-includes/js/customize-preview-nav-menus.min.js?ver=5.8.2 HTTP/1.1" 200 5038
::1 - - [03/Jan/2022:22:29:01 +0900] "GET /wp-admin/themes.php?action=activate&stylesheet=twentynineteen&_wpnonce=b4be7e329d HTTP/1.1" 302 -
::1 - - [03/Jan/2022:22:29:01 +0900] "GET /wp-admin/themes.php?activated=true HTTP/1.1" 200 51078
::1 - - [03/Jan/2022:22:29:03 +0900] "GET / HTTP/1.1" 200 20070
::1 - - [03/Jan/2022:22:29:40 +0900] "GET /wp-admin/ HTTP/1.1" 200 67003
::1 - - [03/Jan/2022:22:29:41 +0900] "POST /wp-admin/admin-ajax.php HTTP/1.1" 200 2022
::1 - - [03/Jan/2022:22:29:42 +0900] "GET /wp-admin/themes.php HTTP/1.1" 200 50934
::1 - - [03/Jan/2022:22:29:48 +0900] "GET /wp-admin/themes.php?action=activate&stylesheet=twentytwentyone&_wpnonce=1082680dfd HTTP/1.1" 302 -
::1 - - [03/Jan/2022:22:29:48 +0900] "GET /wp-admin/themes.php?activated=true HTTP/1.1" 200 51513
::1 - - [03/Jan/2022:22:29:52 +0900] "GET / HTTP/1.1" 200 18516
::1 - - [03/Jan/2022:22:31:21 +0900] "GET /wp-admin/ HTTP/1.1" 200 67244
::1 - - [03/Jan/2022:22:31:22 +0900] "POST /wp-admin/admin-ajax.php HTTP/1.1" 200 2022
::1 - - [03/Jan/2022:22:31:28 +0900] "GET /wp-admin/themes.php HTTP/1.1" 200 51369
::1 - - [03/Jan/2022:22:31:33 +0900] "GET /wp-admin/themes.php HTTP/1.1" 200 51369
::1 - - [03/Jan/2022:22:31:39 +0900] "GET /wp-content/themes/twentytwentyone/assets/css/custom-color-overrides.css?ver=1.4 HTTP/1.1" 200 130
::1 - - [03/Jan/2022:22:31:39 +0900] "GET /wp-content/themes/twentytwentyone/assets/js/editor.js?ver=1.4 HTTP/1.1" 200 921
::1 - - [03/Jan/2022:22:31:39 +0900] "GET /wp-content/themes/twentytwentyone/assets/js/palette-colorpicker.js?ver=1.4 HTTP/1.1" 200 1593
::1 - - [03/Jan/2022:22:31:39 +0900] "GET /wp-admin/js/customize-controls.min.js?ver=5.8.2 HTTP/1.1" 200 111053
::1 - - [03/Jan/2022:22:31:39 +0900] "GET /wp-admin/load-scripts.php?c=1&load%5Bchunk_0%5D=jquery-core,jquery-migrate,regenerator-runtime,wp-polyfill,wp-hooks,underscore,customize-base,wp-dom-ready&ver=5.8.2 HTTP/1.1" 200 157258
::1 - - [03/Jan/2022:22:31:39 +0900] "GET /wp-content/themes/twentytwentyone/assets/js/customize-helpers.js?ver=1.4 HTTP/1.1" 200 1100
::1 - - [03/Jan/2022:22:31:39 +0900] "GET /wp-admin/load-scripts.php?c=1&load%5Bchunk_0%5D=heartbeat,customize-widgets&ver=5.8.2 HTTP/1.1" 200 33933
::1 - - [03/Jan/2022:22:31:39 +0900] "GET /wp-admin/customize.php?return=%2Fwp-admin%2Fthemes.php HTTP/1.1" 200 407916
::1 - - [03/Jan/2022:22:31:41 +0900] "GET /wp-json/wp/v2/widget-types?context=edit&per_page=100&_locale=user HTTP/1.1" 200 5630
::1 - - [03/Jan/2022:22:31:41 +0900] "GET /wp-content/themes/twentytwentyone/assets/images/roses-tremieres-hollyhocks-1884.jpg HTTP/1.1" 200 287158
::1 - - [03/Jan/2022:22:31:41 +0900] "GET /wp-content/themes/twentytwentyone/assets/images/young-woman-in-mauve.jpg HTTP/1.1" 200 156480
::1 - - [03/Jan/2022:22:31:41 +0900] "GET /wp-content/themes/twentytwentyone/assets/images/in-the-bois-de-boulogne.jpg HTTP/1.1" 200 276539
::1 - - [03/Jan/2022:22:31:41 +0900] "GET /?customize_changeset_uuid=97dbf80d-05b4-4c80-b6c4-8c303a5fc7c6&customize_theme=twentytwentyone&customize_messenger_channel=preview-0 HTTP/1.1" 200 54752
::1 - - [03/Jan/2022:22:31:41 +0900] "GET /wp-content/themes/twentytwentyone/assets/js/customize-preview.js?ver=1.4 HTTP/1.1" 200 2533
::1 - - [03/Jan/2022:22:31:41 +0900] "GET /wp-content/themes/twentytwentyone/assets/js/primary-navigation.js?ver=1.4 HTTP/1.1" 200 6018
::1 - - [03/Jan/2022:22:32:33 +0900] "POST /wp-admin/admin-ajax.php HTTP/1.1" 200 47
::1 - - [03/Jan/2022:22:33:33 +0900] "POST /wp-admin/admin-ajax.php HTTP/1.1" 200 47
::1 - - [03/Jan/2022:22:35:42 +0900] "POST /wp-admin/admin-ajax.php HTTP/1.1" 200 47
::1 - - [03/Jan/2022:22:37:42 +0900] "POST /wp-admin/admin-ajax.php HTTP/1.1" 200 47
::1 - - [03/Jan/2022:22:39:42 +0900] "POST /wp-admin/admin-ajax.php HTTP/1.1" 200 47
::1 - - [03/Jan/2022:22:41:42 +0900] "POST /wp-admin/admin-ajax.php HTTP/1.1" 200 47
::1 - - [04/Jan/2022:01:44:01 +0900] "POST /wp-cron.php?doing_wp_cron=1641228241.7199521064758300781250 HTTP/1.1" 200 -
::1 - - [04/Jan/2022:01:44:21 +0900] "GET /wp-admin/index.php HTTP/1.1" 200 67282
::1 - - [04/Jan/2022:01:44:22 +0900] "POST /wp-admin/admin-ajax.php HTTP/1.1" 200 2022
::1 - - [04/Jan/2022:01:44:24 +0900] "GET / HTTP/1.1" 200 18516
::1 - - [04/Jan/2022:01:44:26 +0900] "GET /hello-world/ HTTP/1.1" 200 22923
::1 - - [04/Jan/2022:01:44:26 +0900] "GET /wp-includes/js/comment-reply.min.js?ver=5.8.2 HTTP/1.1" 200 2984
::1 - - [04/Jan/2022:01:46:37 +0900] "GET /wp-admin/ HTTP/1.1" 200 67246
::1 - - [04/Jan/2022:01:46:37 +0900] "POST /wp-admin/admin-ajax.php HTTP/1.1" 200 2022
::1 - - [04/Jan/2022:01:46:40 +0900] "GET /wp-admin/themes.php HTTP/1.1" 200 51368
::1 - - [04/Jan/2022:01:46:45 +0900] "GET /wp-admin/themes.php?action=activate&stylesheet=twentytwenty&_wpnonce=697533de18 HTTP/1.1" 302 -
::1 - - [04/Jan/2022:01:46:45 +0900] "GET /wp-admin/themes.php?activated=true HTTP/1.1" 200 51511
::1 - - [04/Jan/2022:01:46:48 +0900] "GET /wp-content/themes/twentytwenty/print.css?ver=1.8 HTTP/1.1" 200 2702
::1 - - [04/Jan/2022:01:46:48 +0900] "GET /wp-content/themes/twentytwenty/assets/js/index.js?ver=1.8 HTTP/1.1" 200 25738
::1 - - [04/Jan/2022:01:46:48 +0900] "GET /wp-content/themes/twentytwenty/style.css?ver=1.8 HTTP/1.1" 200 121210
::1 - - [04/Jan/2022:01:46:48 +0900] "GET / HTTP/1.1" 200 34188
::1 - - [04/Jan/2022:01:46:48 +0900] "GET /wp-content/themes/twentytwenty/assets/fonts/inter/Inter-upright-var.woff2 HTTP/1.1" 200 223892
::1 - - [04/Jan/2022:01:46:57 +0900] "GET /wp-admin/ HTTP/1.1" 200 67242
::1 - - [04/Jan/2022:01:46:58 +0900] "POST /wp-admin/admin-ajax.php HTTP/1.1" 200 2022
::1 - - [04/Jan/2022:01:47:00 +0900] "GET /wp-admin/themes.php HTTP/1.1" 200 51367
::1 - - [04/Jan/2022:01:47:00 +0900] "GET /wp-admin/plugins.php HTTP/1.1" 200 15928
::1 - - [04/Jan/2022:01:47:03 +0900] "GET /wp-admin/themes.php HTTP/1.1" 200 51367
::1 - - [04/Jan/2022:01:48:00 +0900] "GET / HTTP/1.1" 200 34188
::1 - - [04/Jan/2022:01:48:28 +0900] "GET /wp-content/themes/twentytwenty/assets/css/editor-style-block.css?ver=1.8 HTTP/1.1" 200 39174
::1 - - [04/Jan/2022:01:48:28 +0900] "GET /wp-content/themes/twentytwenty/assets/js/editor-script-block.js?ver=1.8 HTTP/1.1" 200 178
::1 - - [04/Jan/2022:01:48:27 +0900] "GET /wp-admin/post-new.php HTTP/1.1" 200 396980
::1 - - [04/Jan/2022:01:48:28 +0900] "GET /wp-admin/load-styles.php?c=1&dir=ltr&load%5Bchunk_0%5D=dashicons,admin-bar,buttons,media-views,editor-buttons,wp-components,wp-block-editor,wp-nux,wp-reusable-blocks,wp-editor,common,&load%5Bchunk_1%5D=forms,wp-reset-editor-styles,wp-block-library,wp-editor-classic-layout-styles,wp-edit-blocks,wp-edit-post,wp-block-directory,wp-&load%5Bchunk_2%5D=format-library,admin-menu,dashboard,list-tables,edit,revisions,media,themes,about,nav-menus,wp-pointer,widgets,site-icon,l10n,wp&load%5Bchunk_3%5D=-auth-check&ver=5.8.2 HTTP/1.1" 200 893429
::1 - - [04/Jan/2022:01:48:28 +0900] "GET /wp-admin/load-scripts.php?c=1&load%5Bchunk_0%5D=jquery-core,jquery-migrate,utils,moxiejs,plupload&ver=5.8.2 HTTP/1.1" 200 205880
::1 - - [04/Jan/2022:01:48:30 +0900] "GET /wp-json/wp/v2/blocks?context=edit&per_page=100&_locale=user HTTP/1.1" 200 2
::1 - - [04/Jan/2022:01:48:31 +0900] "GET /wp-json/wp/v2/users/me?_locale=user HTTP/1.1" 200 593
::1 - - [04/Jan/2022:01:48:31 +0900] "GET /wp-json/wp/v2/users/?who=authors&per_page=100&_locale=user HTTP/1.1" 200 595
::1 - - [04/Jan/2022:01:48:31 +0900] "GET /wp-json/wp/v2/templates?context=edit&per_page=100&_locale=user HTTP/1.1" 200 2
::1 - - [04/Jan/2022:01:48:31 +0900] "GET /wp-json/wp/v2/posts/10?_locale=user HTTP/1.1" 200 1495
::1 - - [04/Jan/2022:01:48:41 +0900] "POST /wp-admin/admin-ajax.php HTTP/1.1" 200 1
::1 - - [04/Jan/2022:01:48:45 +0900] "GET /wp-admin/user-new.php HTTP/1.1" 200 30065
::1 - - [04/Jan/2022:01:48:45 +0900] "GET /wp-admin/js/password-strength-meter.min.js?ver=5.8.2 HTTP/1.1" 200 1123
::1 - - [04/Jan/2022:01:48:45 +0900] "GET /wp-admin/js/user-profile.min.js?ver=5.8.2 HTTP/1.1" 200 6080
::1 - - [04/Jan/2022:01:48:45 +0900] "GET /wp-admin/load-scripts.php?c=1&load%5Bchunk_0%5D=jquery-core,jquery-migrate,utils,zxcvbn-async&ver=5.8.2 HTTP/1.1" 200 102964
::1 - - [04/Jan/2022:01:48:46 +0900] "GET /wp-includes/js/zxcvbn.min.js HTTP/1.1" 200 822237
::1 - - [04/Jan/2022:01:49:21 +0900] "GET /wp-admin/edit-comments.php HTTP/1.1" 200 51478
::1 - - [04/Jan/2022:01:49:25 +0900] "GET /wp-content/themes/twentytwenty/assets/js/customize.js?ver=1.8 HTTP/1.1" 200 839
::1 - - [04/Jan/2022:01:49:25 +0900] "GET /wp-content/themes/twentytwenty/assets/js/color-calculations.js?ver=1.8 HTTP/1.1" 200 4491
::1 - - [04/Jan/2022:01:49:25 +0900] "GET /wp-content/themes/twentytwenty/assets/js/customize-controls.js?ver=1.8 HTTP/1.1" 200 3822
::1 - - [04/Jan/2022:01:49:25 +0900] "GET /wp-admin/load-styles.php?c=1&dir=ltr&load%5Bchunk_0%5D=dashicons,common,forms,admin-menu,dashboard,list-tables,edit,revisions,media,themes,about,nav-menus,wp-pointer,widgets,site-icon&load%5Bchunk_1%5D=,l10n,buttons,customize-controls,customize-widgets,wp-block-library,wp-components,wp-widgets,wp-block-editor,wp-nux,wp-reusable-&load%5Bchunk_2%5D=blocks,wp-editor,wp-reset-editor-styles,wp-editor-classic-layout-styles,wp-edit-blocks,wp-customize-widgets,wp-block-directory,w&load%5Bchunk_3%5D=p-format-library,customize-nav-menus,media-views,wp-color-picker,code-editor&ver=5.8.2 HTTP/1.1" 200 901211
::1 - - [04/Jan/2022:01:49:24 +0900] "GET /wp-admin/customize.php?url=http%3A%2F%2Flocalhost%3A10004%2F HTTP/1.1" 200 423956
::1 - - [04/Jan/2022:01:49:26 +0900] "GET /wp-json/wp/v2/widget-types?context=edit&per_page=100&_locale=user HTTP/1.1" 200 5630
::1 - - [04/Jan/2022:01:49:27 +0900] "GET /wp-content/uploads/2022/01/2020-landscape-1.png HTTP/1.1" 200 1211
::1 - - [04/Jan/2022:01:49:27 +0900] "GET /wp-content/themes/twentytwenty/assets/images/2020-three-quarters-1.png HTTP/1.1" 200 2333
::1 - - [04/Jan/2022:01:49:27 +0900] "GET /wp-content/themes/twentytwenty/assets/images/2020-three-quarters-3.png HTTP/1.1" 200 26106
::1 - - [04/Jan/2022:01:49:27 +0900] "GET /wp-content/themes/twentytwenty/assets/images/2020-three-quarters-2.png HTTP/1.1" 200 2708
::1 - - [04/Jan/2022:01:49:27 +0900] "GET /wp-content/themes/twentytwenty/assets/images/2020-three-quarters-4.png HTTP/1.1" 200 2185
::1 - - [04/Jan/2022:01:49:27 +0900] "GET /wp-content/themes/twentytwenty/assets/images/2020-landscape-2.png HTTP/1.1" 200 6248
::1 - - [04/Jan/2022:01:49:27 +0900] "GET /wp-content/themes/twentytwenty/assets/images/2020-square-2.png HTTP/1.1" 200 3366
::1 - - [04/Jan/2022:01:49:27 +0900] "GET /wp-content/themes/twentytwenty/assets/images/2020-square-1.png HTTP/1.1" 200 4201
::1 - - [04/Jan/2022:01:49:26 +0900] "GET /?customize_changeset_uuid=90ef7410-9d80-48f1-bc15-c15d975ccb3b&customize_theme=twentytwenty&customize_messenger_channel=preview-0 HTTP/1.1" 200 84560
::1 - - [04/Jan/2022:01:49:27 +0900] "GET /wp-content/themes/twentytwenty/assets/js/customize-preview.js?ver=1.8 HTTP/1.1" 200 5780
::1 - - [04/Jan/2022:01:49:37 +0900] "GET /wp-admin/post-new.php?post_type=page HTTP/1.1" 200 396381
::1 - - [04/Jan/2022:01:49:39 +0900] "GET /wp-json/wp/v2/blocks?context=edit&per_page=100&_locale=user HTTP/1.1" 200 2
::1 - - [04/Jan/2022:01:49:39 +0900] "GET /wp-json/wp/v2/users/me?_locale=user HTTP/1.1" 200 593
::1 - - [04/Jan/2022:01:49:39 +0900] "GET /wp-json/wp/v2/users/?who=authors&per_page=100&_locale=user HTTP/1.1" 200 595
::1 - - [04/Jan/2022:01:49:39 +0900] "GET /wp-json/wp/v2/templates?context=edit&per_page=100&_locale=user HTTP/1.1" 200 2
::1 - - [04/Jan/2022:01:49:39 +0900] "GET /wp-json/wp/v2/pages/17?_locale=user HTTP/1.1" 200 1244
::1 - - [04/Jan/2022:01:49:40 +0900] "POST /wp-admin/admin-ajax.php HTTP/1.1" 200 1
::1 - - [04/Jan/2022:01:54:08 +0900] "GET /wp-admin/ HTTP/1.1" 200 67242
::1 - - [04/Jan/2022:01:54:09 +0900] "POST /wp-admin/admin-ajax.php HTTP/1.1" 200 2022
::1 - - [04/Jan/2022:01:54:12 +0900] "GET /wp-admin/themes.php HTTP/1.1" 200 51875
::1 - - [04/Jan/2022:01:55:12 +0900] "POST /wp-admin/admin-ajax.php HTTP/1.1" 200 47
::1 - - [04/Jan/2022:01:55:47 +0900] "GET /wp-admin/themes.php HTTP/1.1" 200 52113
::1 - - [04/Jan/2022:01:56:56 +0900] "POST /wp-admin/admin-ajax.php HTTP/1.1" 200 47
::1 - - [04/Jan/2022:01:59:06 +0900] "POST /wp-admin/admin-ajax.php HTTP/1.1" 200 47
::1 - - [04/Jan/2022:02:00:29 +0900] "POST /wp-admin/admin-ajax.php HTTP/1.1" 200 47
::1 - - [04/Jan/2022:02:01:18 +0900] "GET /wp-admin/themes.php HTTP/1.1" 200 53088
::1 - - [04/Jan/2022:02:01:21 +0900] "GET /wp-admin/undefined HTTP/1.1" 404 27298
::1 - - [04/Jan/2022:02:02:28 +0900] "POST /wp-admin/admin-ajax.php HTTP/1.1" 200 47
::1 - - [04/Jan/2022:02:03:29 +0900] "POST /wp-admin/admin-ajax.php HTTP/1.1" 200 47
::1 - - [04/Jan/2022:20:17:04 +0900] "POST /wp-cron.php?doing_wp_cron=1641295024.4366400241851806640625 HTTP/1.1" 200 -
::1 - - [04/Jan/2022:20:17:03 +0900] "GET / HTTP/1.1" 200 34188
::1 - - [04/Jan/2022:20:17:04 +0900] "GET /wp-includes/js/admin-bar.min.js?ver=5.8.2 HTTP/1.1" 200 3556
::1 - - [04/Jan/2022:20:17:04 +0900] "GET /wp-includes/js/wp-embed.min.js?ver=5.8.2 HTTP/1.1" 200 1426
::1 - - [04/Jan/2022:20:17:05 +0900] "\x16\x03\x01" 400 226
::1 - - [04/Jan/2022:20:17:05 +0900] "\x16\x03\x01" 400 226
::1 - - [04/Jan/2022:20:17:10 +0900] "GET /wp-admin/load-scripts.php?c=1&load%5Bchunk_0%5D=jquery-core,jquery-migrate,utils&ver=5.8.2 HTTP/1.1" 200 102612
::1 - - [04/Jan/2022:20:17:06 +0900] "GET /wp-admin/ HTTP/1.1" 200 66540
::1 - - [04/Jan/2022:20:17:10 +0900] "GET /wp-includes/css/editor.min.css?ver=5.8.2 HTTP/1.1" 200 27188
::1 - - [04/Jan/2022:20:17:10 +0900] "GET /wp-includes/js/dist/vendor/lodash.min.js?ver=4.17.19 HTTP/1.1" 200 73015
::1 - - [04/Jan/2022:20:17:10 +0900] "GET /wp-includes/js/clipboard.min.js?ver=5.8.2 HTTP/1.1" 200 10607
::1 - - [04/Jan/2022:20:17:10 +0900] "GET /wp-includes/js/dist/a11y.min.js?ver=0ac8327cc1c40dcfdf29716affd7ac63 HTTP/1.1" 200 3009
::1 - - [04/Jan/2022:20:17:10 +0900] "GET /wp-includes/js/dist/dom-ready.min.js?ver=71883072590656bf22c74c7b887df3dd HTTP/1.1" 200 1257
::1 - - [04/Jan/2022:20:17:10 +0900] "GET /wp-includes/js/api-request.min.js?ver=5.8.2 HTTP/1.1" 200 1025
::1 - - [04/Jan/2022:20:17:10 +0900] "GET /wp-includes/js/wp-lists.min.js?ver=5.8.2 HTTP/1.1" 200 7442
::1 - - [04/Jan/2022:20:17:10 +0900] "GET /wp-admin/js/edit-comments.min.js?ver=5.8.2 HTTP/1.1" 200 15268
::1 - - [04/Jan/2022:20:17:10 +0900] "GET /wp-admin/js/dashboard.min.js?ver=5.8.2 HTTP/1.1" 200 8797
::1 - - [04/Jan/2022:20:17:10 +0900] "GET /wp-includes/js/dist/date.min.js?ver=061439ac4325ef057b8f9c142c82a823 HTTP/1.1" 200 203411
::1 - - [04/Jan/2022:20:17:10 +0900] "GET /wp-admin/load-scripts.php?c=1&load%5Bchunk_0%5D=hoverIntent,regenerator-runtime,wp-polyfill,wp-hooks&ver=5.8.2 HTTP/1.1" 200 29800
::1 - - [04/Jan/2022:20:17:10 +0900] "GET /wp-includes/js/thickbox/thickbox.js?ver=3.1-20121105 HTTP/1.1" 200 13194
::1 - - [04/Jan/2022:20:17:10 +0900] "GET /wp-admin/js/plugin-install.min.js?ver=5.8.2 HTTP/1.1" 200 2403
::1 - - [04/Jan/2022:20:17:10 +0900] "GET /wp-includes/js/wp-sanitize.min.js?ver=5.8.2 HTTP/1.1" 200 458
::1 - - [04/Jan/2022:20:17:10 +0900] "GET /wp-admin/js/updates.min.js?ver=5.8.2 HTTP/1.1" 200 41065
::1 - - [04/Jan/2022:20:17:10 +0900] "GET /wp-admin/js/svg-painter.js?ver=5.8.2 HTTP/1.1" 200 5522
::1 - - [04/Jan/2022:20:17:10 +0900] "GET /wp-includes/js/heartbeat.min.js?ver=5.8.2 HTTP/1.1" 200 5877
::1 - - [04/Jan/2022:20:17:10 +0900] "POST /wp-admin/admin-ajax.php HTTP/1.1" 200 1396
::1 - - [04/Jan/2022:20:17:13 +0900] "GET /wp-admin/images/spinner-2x.gif HTTP/1.1" 200 7536
::1 - - [04/Jan/2022:20:17:10 +0900] "GET /wp-admin/admin-ajax.php?action=dashboard-widgets&widget=dashboard_primary&pagenow=dashboard HTTP/1.1" 200 1263
::1 - - [04/Jan/2022:20:17:23 +0900] "GET /wp-content/themes/twentytwenty/screenshot.png HTTP/1.1" 200 53066
::1 - - [04/Jan/2022:20:17:23 +0900] "GET /wp-includes/js/backbone.min.js?ver=1.4.0 HTTP/1.1" 200 23818
::1 - - [04/Jan/2022:20:17:23 +0900] "GET /wp-content/themes/twentytwentyone/screenshot.png HTTP/1.1" 200 282897
::1 - - [04/Jan/2022:20:17:23 +0900] "GET /wp-includes/js/wp-backbone.min.js?ver=5.8.2 HTTP/1.1" 200 3037
::1 - - [04/Jan/2022:20:17:23 +0900] "GET /wp-admin/themes.php HTTP/1.1" 200 51875
::1 - - [04/Jan/2022:20:17:23 +0900] "GET /wp-admin/js/theme.min.js?ver=5.8.2 HTTP/1.1" 200 26960
::1 - - [04/Jan/2022:20:18:23 +0900] "POST /wp-admin/admin-ajax.php HTTP/1.1" 200 47
::1 - - [04/Jan/2022:20:20:23 +0900] "POST /wp-admin/admin-ajax.php HTTP/1.1" 200 47
::1 - - [04/Jan/2022:20:21:13 +0900] "GET /wp-admin/themes.php HTTP/1.1" 200 53088
::1 - - [04/Jan/2022:20:21:19 +0900] "GET /wp-admin/undefined HTTP/1.1" 404 27298
::1 - - [04/Jan/2022:20:21:45 +0900] "GET /wp-admin/undefined HTTP/1.1" 404 27298
::1 - - [04/Jan/2022:20:21:46 +0900] "GET /wp-admin/undefined HTTP/1.1" 404 27298
::1 - - [04/Jan/2022:20:21:48 +0900] "GET /wp-admin/themes.php?action=activate&stylesheet=mytheme&_wpnonce=f2981b89be HTTP/1.1" 302 -
::1 - - [04/Jan/2022:20:21:48 +0900] "GET /wp-admin/themes.php?activated=true HTTP/1.1" 200 52779
::1 - - [04/Jan/2022:20:21:51 +0900] "GET /wp-admin/about.php HTTP/1.1" 200 30970
::1 - - [04/Jan/2022:20:21:52 +0900] "GET /wp-admin/images/about-header-about.svg HTTP/1.1" 200 45266
::1 - - [04/Jan/2022:20:21:56 +0900] "GET /wp-admin/about.php HTTP/1.1" 200 30970
::1 - - [04/Jan/2022:20:22:09 +0900] "GET /wp-admin/undefined HTTP/1.1" 404 -
::1 - - [04/Jan/2022:20:22:17 +0900] "GET / HTTP/1.1" 200 -
::1 - - [04/Jan/2022:20:22:22 +0900] "GET / HTTP/1.1" 200 -
::1 - - [04/Jan/2022:20:22:41 +0900] "GET / HTTP/1.1" 200 -
::1 - - [04/Jan/2022:20:22:45 +0900] "GET / HTTP/1.1" 200 -
::1 - - [04/Jan/2022:20:22:50 +0900] "GET /wp-admin/?localwp_auto_login=1 HTTP/1.1" 302 -
::1 - - [04/Jan/2022:20:22:51 +0900] "GET /wp-admin/user/ HTTP/1.1" 302 -
::1 - - [04/Jan/2022:20:22:51 +0900] "GET /wp-admin/ HTTP/1.1" 200 67236
::1 - - [04/Jan/2022:20:22:52 +0900] "POST /wp-admin/admin-ajax.php HTTP/1.1" 200 1396
::1 - - [04/Jan/2022:20:23:55 +0900] "POST /wp-admin/admin-ajax.php HTTP/1.1" 200 47
::1 - - [04/Jan/2022:20:24:44 +0900] "GET / HTTP/1.1" 200 6115
::1 - - [04/Jan/2022:20:24:44 +0900] "GET /vendor/bootstrap/css/bootstrap.min.css HTTP/1.1" 404 6115
::1 - - [04/Jan/2022:20:24:44 +0900] "GET /vendor/fontawesome-free/css/all.min.css HTTP/1.1" 404 6115
::1 - - [04/Jan/2022:20:24:44 +0900] "GET /css/clean-blog.min.css HTTP/1.1" 404 6115
::1 - - [04/Jan/2022:20:24:44 +0900] "GET /js/clean-blog.min.js HTTP/1.1" 404 6115
::1 - - [04/Jan/2022:20:24:44 +0900] "GET /vendor/bootstrap/js/bootstrap.bundle.min.js HTTP/1.1" 404 6115
::1 - - [04/Jan/2022:20:24:44 +0900] "GET /vendor/jquery/jquery.min.js HTTP/1.1" 404 6115
::1 - - [04/Jan/2022:20:24:45 +0900] "GET /img/home-bg.jpg HTTP/1.1" 404 6115
::1 - - [04/Jan/2022:20:25:57 +0900] "POST /wp-admin/admin-ajax.php HTTP/1.1" 200 47
::1 - - [04/Jan/2022:20:27:57 +0900] "POST /wp-admin/admin-ajax.php HTTP/1.1" 200 47
::1 - - [04/Jan/2022:20:30:00 +0900] "POST /wp-admin/admin-ajax.php HTTP/1.1" 200 47
::1 - - [04/Jan/2022:20:31:20 +0900] "GET / HTTP/1.1" 200 6161
::1 - - [04/Jan/2022:20:31:20 +0900] "GET /vendor/fontawesome-free/css/all.min.css HTTP/1.1" 404 6161
::1 - - [04/Jan/2022:20:31:21 +0900] "GET /js/clean-blog.min.js HTTP/1.1" 404 6161
::1 - - [04/Jan/2022:20:31:21 +0900] "GET /css/clean-blog.min.css HTTP/1.1" 404 6161
::1 - - [04/Jan/2022:20:31:21 +0900] "GET /vendor/jquery/jquery.min.js HTTP/1.1" 404 6161
::1 - - [04/Jan/2022:20:31:21 +0900] "GET /vendor/bootstrap/js/bootstrap.bundle.min.js HTTP/1.1" 404 6161
::1 - - [04/Jan/2022:20:31:21 +0900] "GET /img/home-bg.jpg HTTP/1.1" 404 6161
::1 - - [04/Jan/2022:20:31:23 +0900] "GET / HTTP/1.1" 200 6161
::1 - - [04/Jan/2022:20:31:23 +0900] "GET /css/clean-blog.min.css HTTP/1.1" 404 6161
::1 - - [04/Jan/2022:20:31:23 +0900] "GET /vendor/fontawesome-free/css/all.min.css HTTP/1.1" 404 6161
::1 - - [04/Jan/2022:20:31:23 +0900] "GET /vendor/jquery/jquery.min.js HTTP/1.1" 404 6161
::1 - - [04/Jan/2022:20:31:23 +0900] "GET /vendor/bootstrap/js/bootstrap.bundle.min.js HTTP/1.1" 404 6161
::1 - - [04/Jan/2022:20:31:23 +0900] "GET /js/clean-blog.min.js HTTP/1.1" 404 6161
::1 - - [04/Jan/2022:20:31:23 +0900] "GET /img/home-bg.jpg HTTP/1.1" 404 6161
::1 - - [04/Jan/2022:20:31:31 +0900] "GET /post.html HTTP/1.1" 404 6161
::1 - - [04/Jan/2022:20:31:31 +0900] "GET /vendor/fontawesome-free/css/all.min.css HTTP/1.1" 404 6161
::1 - - [04/Jan/2022:20:31:31 +0900] "GET /css/clean-blog.min.css HTTP/1.1" 404 6161
::1 - - [04/Jan/2022:20:31:31 +0900] "GET /vendor/jquery/jquery.min.js HTTP/1.1" 404 6161
::1 - - [04/Jan/2022:20:31:31 +0900] "GET /vendor/bootstrap/js/bootstrap.bundle.min.js HTTP/1.1" 404 6161
::1 - - [04/Jan/2022:20:31:31 +0900] "GET /img/home-bg.jpg HTTP/1.1" 404 6161
::1 - - [04/Jan/2022:20:31:31 +0900] "GET /js/clean-blog.min.js HTTP/1.1" 404 6161
::1 - - [04/Jan/2022:20:31:40 +0900] "POST /wp-admin/admin-ajax.php HTTP/1.1" 200 47
::1 - - [04/Jan/2022:20:31:49 +0900] "GET /wp-includes/js/imgareaselect/imgareaselect.css?ver=0.9.8 HTTP/1.1" 200 790
::1 - - [04/Jan/2022:20:31:49 +0900] "GET /wp-includes/js/jquery/ui/draggable.min.js?ver=1.12.1 HTTP/1.1" 200 18291
::1 - - [04/Jan/2022:20:31:49 +0900] "GET /wp-admin/js/editor.min.js?ver=5.8.2 HTTP/1.1" 200 13211
::1 - - [04/Jan/2022:20:31:49 +0900] "GET /wp-includes/js/backbone.min.js?ver=1.4.0 HTTP/1.1" 200 23818
::1 - - [04/Jan/2022:20:31:49 +0900] "GET /wp-includes/js/media-views.min.js?ver=5.8.2 HTTP/1.1" 200 111267
::1 - - [04/Jan/2022:20:31:49 +0900] "GET /wp-includes/js/plupload/plupload.min.js?ver=2.1.9 HTTP/1.1" 200 15612
::1 - - [04/Jan/2022:20:31:49 +0900] "GET /wp-includes/js/plupload/moxie.min.js?ver=1.3.5 HTTP/1.1" 200 87654
::1 - - [04/Jan/2022:20:31:49 +0900] "GET /wp-includes/js/plupload/wp-plupload.min.js?ver=5.8.2 HTTP/1.1" 200 5979
::1 - - [04/Jan/2022:20:31:49 +0900] "GET /wp-admin/js/code-editor.min.js?ver=5.8.2 HTTP/1.1" 200 3084
::1 - - [04/Jan/2022:20:31:49 +0900] "GET /wp-includes/js/codemirror/codemirror.min.js?ver=5.29.1-alpha-ee20357 HTTP/1.1" 200 585414
::1 - - [04/Jan/2022:20:31:49 +0900] "GET /wp-admin/js/widgets/media-image-widget.min.js?ver=5.8.2 HTTP/1.1" 200 2024
::1 - - [04/Jan/2022:20:31:49 +0900] "GET /wp-admin/js/widgets/media-gallery-widget.min.js?ver=5.8.2 HTTP/1.1" 200 3766
::1 - - [04/Jan/2022:20:31:49 +0900] "GET /wp-admin/js/widgets/media-audio-widget.min.js?ver=5.8.2 HTTP/1.1" 200 1447
::1 - - [04/Jan/2022:20:31:49 +0900] "GET /wp-includes/js/dist/vendor/react.min.js?ver=16.13.1 HTTP/1.1" 200 12463
::1 - - [04/Jan/2022:20:31:49 +0900] "GET /wp-includes/js/codemirror/esprima.js?ver=4.0.0 HTTP/1.1" 200 283149
::1 - - [04/Jan/2022:20:31:49 +0900] "GET /wp-includes/js/dist/autop.min.js?ver=0e55c6c10f6d8a4bd90b2ea903436301 HTTP/1.1" 200 6247
::1 - - [04/Jan/2022:20:31:49 +0900] "GET /wp-includes/js/dist/blob.min.js?ver=4eca38a62df5f0145a5f1a78858581e7 HTTP/1.1" 200 1574
::1 - - [04/Jan/2022:20:31:49 +0900] "GET /wp-includes/js/dist/block-serialization-default-parser.min.js?ver=2fc6dec19af6d4c5e5fec8f6fdc1a10b HTTP/1.1" 200 3015
::1 - - [04/Jan/2022:20:31:49 +0900] "GET /wp-includes/js/dist/redux-routine.min.js?ver=fd5f93d1f8206c65d1891cf1f898211e HTTP/1.1" 200 9608
::1 - - [04/Jan/2022:20:31:49 +0900] "GET /wp-includes/js/dist/keycodes.min.js?ver=0b881ee2324067c223d746a87ae4ddda HTTP/1.1" 200 3414
::1 - - [04/Jan/2022:20:31:49 +0900] "GET /wp-includes/js/dist/element.min.js?ver=43a121e875f299c637e1115581bee905 HTTP/1.1" 200 9240
::1 - - [04/Jan/2022:20:31:49 +0900] "GET /wp-includes/js/dist/priority-queue.min.js?ver=b2e76fb9887a285b5eff38763f2ac2fc HTTP/1.1" 200 1636
::1 - - [04/Jan/2022:20:31:49 +0900] "GET /wp-includes/js/dist/wordcount.min.js?ver=83b86052fd3fc408a609e60d52164115 HTTP/1.1" 200 3255
::1 - - [04/Jan/2022:20:31:49 +0900] "GET /wp-includes/js/dist/data.min.js?ver=a9e98fe3ad76884fe7909ba8348395b7 HTTP/1.1" 200 22555
::1 - - [04/Jan/2022:20:31:49 +0900] "GET /wp-includes/js/dist/blocks.min.js?ver=7ed7fe32dad771c4e0af4f56539ff156 HTTP/1.1" 200 158047
::1 - - [04/Jan/2022:20:31:49 +0900] "GET /wp-includes/js/dist/components.min.js?ver=413e179f8a99bd28091ba5cc6f72c9f3 HTTP/1.1" 200 645355
::1 - - [04/Jan/2022:20:31:49 +0900] "GET /wp-includes/js/dist/data-controls.min.js?ver=cb4174d77c57f56732dc41d3bf3b2781 HTTP/1.1" 200 2241
::1 - - [04/Jan/2022:20:31:49 +0900] "GET /wp-includes/js/dist/reusable-blocks.min.js?ver=f210f01a481601fc2639d3f839449c5c HTTP/1.1" 200 7075
::1 - - [04/Jan/2022:20:31:49 +0900] "GET /wp-includes/js/dist/server-side-render.min.js?ver=e68a4eae1f1e1f9a993d3bfbb601bad3 HTTP/1.1" 200 4126
::1 - - [04/Jan/2022:20:31:49 +0900] "GET /wp-includes/js/dist/viewport.min.js?ver=57f92677272305fe301d0d0616d6c8c7 HTTP/1.1" 200 3030
::1 - - [04/Jan/2022:20:31:49 +0900] "GET /wp-includes/js/dist/block-library.min.js?ver=69fc06eecf1aeb26e48b8a47ed38179b HTTP/1.1" 200 483010
::1 - - [04/Jan/2022:20:31:49 +0900] "GET /wp-includes/js/dist/media-utils.min.js?ver=8e557d69e3ef2356d081c60830d157a1 HTTP/1.1" 200 8052
::1 - - [04/Jan/2022:20:31:49 +0900] "GET /wp-includes/js/dist/customize-widgets.min.js?ver=779dd942fa1333da9130a6c196eb972e HTTP/1.1" 200 37150
::1 - - [04/Jan/2022:20:31:49 +0900] "GET /wp-includes/js/imgareaselect/jquery.imgareaselect.min.js?ver=5.8.2 HTTP/1.1" 200 9723
::1 - - [04/Jan/2022:20:31:49 +0900] "GET /wp-includes/js/dist/edit-post.min.js?ver=3656613c515e40e95a15114467097b39 HTTP/1.1" 200 205281
::1 - - [04/Jan/2022:20:31:49 +0900] "GET /wp-admin/js/accordion.min.js?ver=5.8.2 HTTP/1.1" 200 849
::1 - - [04/Jan/2022:20:31:49 +0900] "GET /wp-includes/js/customize-models.js?ver=5.8.2 HTTP/1.1" 200 6821
::1 - - [04/Jan/2022:20:31:49 +0900] "GET /wp-includes/js/mce-view.min.js?ver=5.8.2 HTTP/1.1" 200 9883
::1 - - [04/Jan/2022:20:31:49 +0900] "GET /wp-includes/js/customize-views.js?ver=5.8.2 HTTP/1.1" 200 5065
::1 - - [04/Jan/2022:20:31:49 +0900] "GET /wp-admin/js/image-edit.min.js?ver=5.8.2 HTTP/1.1" 200 11263
::1 - - [04/Jan/2022:20:31:49 +0900] "GET /wp-admin/load-styles.php?c=1&dir=ltr&load%5Bchunk_0%5D=dashicons,common,forms,admin-menu,dashboard,list-tables,edit,revisions,media,themes,about,nav-menus,wp-pointer,widgets,site-icon&load%5Bchunk_1%5D=,l10n,buttons,customize-controls,customize-widgets,wp-block-library,wp-components,wp-widgets,wp-block-editor,wp-nux,wp-reusable-&load%5Bchunk_2%5D=blocks,wp-editor,wp-reset-editor-styles,wp-editor-classic-layout-styles,wp-block-library-theme,wp-edit-blocks,wp-customize-widge&load%5Bchunk_3%5D=ts,wp-block-directory,wp-format-library,customize-nav-menus,code-editor,media-views&ver=5.8.2 HTTP/1.1" 200 900586
::1 - - [04/Jan/2022:20:31:49 +0900] "GET /wp-admin/customize.php HTTP/1.1" 200 375546
::1 - - [04/Jan/2022:20:31:51 +0900] "GET /wp-json/wp/v2/widget-types?context=edit&per_page=100&_locale=user HTTP/1.1" 200 5630
::1 - - [04/Jan/2022:20:31:51 +0900] "GET /?customize_changeset_uuid=c45a9176-0872-45e0-bb30-5717ee4b2f9f&customize_theme=mytheme&customize_messenger_channel=preview-0 HTTP/1.1" 200 6161
::1 - - [04/Jan/2022:20:31:51 +0900] "GET /vendor/fontawesome-free/css/all.min.css HTTP/1.1" 404 6161
::1 - - [04/Jan/2022:20:31:51 +0900] "GET /css/clean-blog.min.css HTTP/1.1" 404 6161
::1 - - [04/Jan/2022:20:31:51 +0900] "GET /vendor/jquery/jquery.min.js HTTP/1.1" 404 6161
::1 - - [04/Jan/2022:20:31:51 +0900] "GET /vendor/bootstrap/js/bootstrap.bundle.min.js HTTP/1.1" 404 6161
::1 - - [04/Jan/2022:20:31:51 +0900] "GET /js/clean-blog.min.js HTTP/1.1" 404 6161
::1 - - [04/Jan/2022:20:31:51 +0900] "GET /img/home-bg.jpg HTTP/1.1" 404 6161
::1 - - [04/Jan/2022:20:32:03 +0900] "GET /post.html HTTP/1.1" 404 6161
::1 - - [04/Jan/2022:20:32:03 +0900] "GET /vendor/fontawesome-free/css/all.min.css HTTP/1.1" 404 6161
::1 - - [04/Jan/2022:20:32:03 +0900] "GET /vendor/bootstrap/js/bootstrap.bundle.min.js HTTP/1.1" 404 6161
::1 - - [04/Jan/2022:20:32:03 +0900] "GET /vendor/jquery/jquery.min.js HTTP/1.1" 404 6161
::1 - - [04/Jan/2022:20:32:03 +0900] "GET /css/clean-blog.min.css HTTP/1.1" 404 6161
::1 - - [04/Jan/2022:20:32:03 +0900] "GET /js/clean-blog.min.js HTTP/1.1" 404 6161
::1 - - [04/Jan/2022:20:32:04 +0900] "GET /img/home-bg.jpg HTTP/1.1" 404 6161
::1 - - [04/Jan/2022:20:32:50 +0900] "POST /wp-admin/admin-ajax.php HTTP/1.1" 200 47
::1 - - [04/Jan/2022:20:33:50 +0900] "POST /wp-admin/admin-ajax.php HTTP/1.1" 200 47
::1 - - [04/Jan/2022:20:34:33 +0900] "GET /post.html HTTP/1.1" 404 6164
::1 - - [04/Jan/2022:20:34:33 +0900] "GET /wp-content/themes/mytheme/vendor/bootstrap/css/bootstrap.min.css HTTP/1.1" 200 160392
::1 - - [04/Jan/2022:20:34:33 +0900] "GET /vendor/jquery/jquery.min.js HTTP/1.1" 404 6164
::1 - - [04/Jan/2022:20:34:33 +0900] "GET /vendor/fontawesome-free/css/all.min.css HTTP/1.1" 404 6164
::1 - - [04/Jan/2022:20:34:33 +0900] "GET /vendor/bootstrap/js/bootstrap.bundle.min.js HTTP/1.1" 404 6164
::1 - - [04/Jan/2022:20:34:33 +0900] "GET /js/clean-blog.min.js HTTP/1.1" 404 6164
::1 - - [04/Jan/2022:20:34:33 +0900] "GET /css/clean-blog.min.css HTTP/1.1" 404 6164
::1 - - [04/Jan/2022:20:34:34 +0900] "GET /img/home-bg.jpg HTTP/1.1" 404 6164
::1 - - [04/Jan/2022:20:35:31 +0900] "GET /post.html HTTP/1.1" 404 6180
::1 - - [04/Jan/2022:20:35:32 +0900] "GET /vendor/fontawesome-free/css/all.min.css HTTP/1.1" 404 6180
::1 - - [04/Jan/2022:20:35:32 +0900] "GET /css/clean-blog.min.css HTTP/1.1" 404 6180
::1 - - [04/Jan/2022:20:35:32 +0900] "GET /vendor/jquery/jquery.min.js HTTP/1.1" 404 6180
::1 - - [04/Jan/2022:20:35:32 +0900] "GET /vendor/bootstrap/js/bootstrap.bundle.min.js HTTP/1.1" 404 6180
::1 - - [04/Jan/2022:20:35:32 +0900] "GET /js/clean-blog.min.js HTTP/1.1" 404 6180
::1 - - [04/Jan/2022:20:35:32 +0900] "GET /fontawesome-free/css/all.min.css HTTP/1.1" 404 6180
::1 - - [04/Jan/2022:20:35:32 +0900] "GET /img/home-bg.jpg HTTP/1.1" 404 6180
::1 - - [04/Jan/2022:20:35:54 +0900] "POST /wp-admin/admin-ajax.php HTTP/1.1" 200 47
::1 - - [04/Jan/2022:20:36:59 +0900] "GET /post.html HTTP/1.1" 404 6213
::1 - - [04/Jan/2022:20:36:59 +0900] "GET /wp-content/themes/mytheme/vendor/fontawesome-free/css/all.min.css HTTP/1.1" 200 59344
::1 - - [04/Jan/2022:20:36:59 +0900] "GET /css/clean-blog.min.css HTTP/1.1" 404 6213
::1 - - [04/Jan/2022:20:36:59 +0900] "GET /wp-content/themes/mytheme/vendor/fontawesome-free/webfonts/fa-solid-900.woff2 HTTP/1.1" 200 80300
::1 - - [04/Jan/2022:20:36:59 +0900] "GET /wp-content/themes/mytheme/vendor/fontawesome-free/webfonts/fa-brands-400.woff2 HTTP/1.1" 200 78460
::1 - - [04/Jan/2022:20:36:59 +0900] "GET /wp-content/themes/mytheme/vendor/fontawesome-free/webfonts/fa-regular-400.woff2 HTTP/1.1" 200 13548
::1 - - [04/Jan/2022:20:36:59 +0900] "GET /vendor/jquery/jquery.min.js HTTP/1.1" 404 6213
::1 - - [04/Jan/2022:20:36:59 +0900] "GET /vendor/bootstrap/js/bootstrap.bundle.min.js HTTP/1.1" 404 6213
::1 - - [04/Jan/2022:20:36:59 +0900] "GET /js/clean-blog.min.js HTTP/1.1" 404 6213
::1 - - [04/Jan/2022:20:36:59 +0900] "GET /img/home-bg.jpg HTTP/1.1" 404 6213
::1 - - [04/Jan/2022:20:37:26 +0900] "GET /post.html HTTP/1.1" 404 6269
::1 - - [04/Jan/2022:20:37:26 +0900] "GET /css/clean-blog.min.css HTTP/1.1" 404 6269
::1 - - [04/Jan/2022:20:37:26 +0900] "GET /js/clean-blog.min.js HTTP/1.1" 404 6269
::1 - - [04/Jan/2022:20:37:26 +0900] "GET /vendor/bootstrap/js/bootstrap.bundle.min.js HTTP/1.1" 404 6269
::1 - - [04/Jan/2022:20:37:26 +0900] "GET /vendor/jquery/jquery.min.js HTTP/1.1" 404 6269
::1 - - [04/Jan/2022:20:37:27 +0900] "GET /wp-content/themes/mytheme/vendor/css/clean-blog.min.css HTTP/1.1" 404 6269
::1 - - [04/Jan/2022:20:37:27 +0900] "GET /img/home-bg.jpg HTTP/1.1" 404 6269
::1 - - [04/Jan/2022:20:37:55 +0900] "POST /wp-admin/admin-ajax.php HTTP/1.1" 200 47
::1 - - [04/Jan/2022:20:38:02 +0900] "GET /post.html HTTP/1.1" 404 6262
::1 - - [04/Jan/2022:20:38:02 +0900] "GET /wp-content/themes/mytheme/css/clean-blog.min.css HTTP/1.1" 200 6403
::1 - - [04/Jan/2022:20:38:02 +0900] "GET /js/clean-blog.min.js HTTP/1.1" 404 6262
::1 - - [04/Jan/2022:20:38:02 +0900] "GET /vendor/jquery/jquery.min.js HTTP/1.1" 404 6262
::1 - - [04/Jan/2022:20:38:02 +0900] "GET /img/home-bg.jpg HTTP/1.1" 404 6262
::1 - - [04/Jan/2022:20:38:02 +0900] "GET /vendor/bootstrap/js/bootstrap.bundle.min.js HTTP/1.1" 404 6262
::1 - - [04/Jan/2022:20:39:54 +0900] "POST /wp-admin/admin-ajax.php HTTP/1.1" 200 47
::1 - - [04/Jan/2022:22:56:49 +0900] "POST /wp-admin/admin-ajax.php HTTP/1.1" 200 104
::1 - - [04/Jan/2022:22:58:48 +0900] "POST /wp-admin/admin-ajax.php HTTP/1.1" 200 47
::1 - - [06/Jan/2022:11:09:52 +0900] "POST /wp-admin/admin-ajax.php HTTP/1.1" 200 80
::1 - - [07/Jan/2022:10:36:09 +0900] "POST /wp-cron.php?doing_wp_cron=1641519369.2034199237823486328125 HTTP/1.1" 200 -
::1 - - [07/Jan/2022:10:36:08 +0900] "GET / HTTP/1.1" 200 6262
::1 - - [07/Jan/2022:10:36:12 +0900] "POST /wp-cron.php HTTP/1.1" 200 -
::1 - - [07/Jan/2022:10:36:12 +0900] "\x16\x03\x01" 400 226
::1 - - [07/Jan/2022:10:36:12 +0900] "\x16\x03\x01" 400 226
::1 - - [12/Jan/2022:02:37:17 +0900] "POST /wp-cron.php?doing_wp_cron=1641922637.2171831130981445312500 HTTP/1.1" 200 -
::1 - - [12/Jan/2022:02:37:19 +0900] "GET /wp-admin/?localwp_auto_login=1 HTTP/1.1" 302 -
::1 - - [12/Jan/2022:02:37:19 +0900] "GET /wp-admin/user/ HTTP/1.1" 302 -
::1 - - [12/Jan/2022:02:37:19 +0900] "GET / HTTP/1.1" 200 6262
::1 - - [12/Jan/2022:02:37:20 +0900] "GET /wp-content/themes/mytheme/vendor/bootstrap/css/bootstrap.min.css HTTP/1.1" 200 160392
::1 - - [12/Jan/2022:02:37:20 +0900] "GET /wp-content/themes/mytheme/css/clean-blog.min.css HTTP/1.1" 200 6403
::1 - - [12/Jan/2022:02:37:20 +0900] "GET /wp-content/themes/mytheme/vendor/fontawesome-free/css/all.min.css HTTP/1.1" 200 59344
::1 - - [12/Jan/2022:02:37:20 +0900] "GET /wp-content/themes/mytheme/vendor/fontawesome-free/webfonts/fa-solid-900.woff2 HTTP/1.1" 200 80300
::1 - - [12/Jan/2022:02:37:20 +0900] "GET /wp-content/themes/mytheme/vendor/fontawesome-free/webfonts/fa-brands-400.woff2 HTTP/1.1" 200 78460
::1 - - [12/Jan/2022:02:37:20 +0900] "GET /wp-content/themes/mytheme/vendor/fontawesome-free/webfonts/fa-regular-400.woff2 HTTP/1.1" 200 13548
::1 - - [12/Jan/2022:02:37:20 +0900] "\x16\x03\x01" 400 226
::1 - - [12/Jan/2022:02:37:20 +0900] "\x16\x03\x01" 400 226
::1 - - [12/Jan/2022:02:37:20 +0900] "GET /wp-admin/ HTTP/1.1" 200 66975
::1 - - [12/Jan/2022:02:37:21 +0900] "GET /wp-includes/js/thickbox/thickbox.css?ver=5.8.2 HTTP/1.1" 200 2659
::1 - - [12/Jan/2022:02:37:20 +0900] "GET /vendor/jquery/jquery.min.js HTTP/1.1" 404 6262
::1 - - [12/Jan/2022:02:37:22 +0900] "GET /wp-includes/css/editor.min.css?ver=5.8.2 HTTP/1.1" 200 27188
::1 - - [12/Jan/2022:02:37:20 +0900] "GET /vendor/bootstrap/js/bootstrap.bundle.min.js HTTP/1.1" 404 6262
::1 - - [12/Jan/2022:02:37:22 +0900] "GET /wp-includes/js/dist/i18n.min.js?ver=5f1269854226b4dd90450db411a12b79 HTTP/1.1" 200 9866
::1 - - [12/Jan/2022:02:37:22 +0900] "GET /wp-admin/js/common.min.js?ver=5.8.2 HTTP/1.1" 200 20037
::1 - - [12/Jan/2022:02:37:22 +0900] "GET /wp-includes/js/hoverintent-js.min.js?ver=2.2.1 HTTP/1.1" 200 1718
::1 - - [12/Jan/2022:02:37:22 +0900] "GET /wp-includes/js/admin-bar.min.js?ver=5.8.2 HTTP/1.1" 200 3556
::1 - - [12/Jan/2022:02:37:22 +0900] "GET /wp-includes/js/clipboard.min.js?ver=5.8.2 HTTP/1.1" 200 10607
::1 - - [12/Jan/2022:02:37:22 +0900] "GET /wp-includes/js/underscore.min.js?ver=1.13.1 HTTP/1.1" 200 19076
::1 - - [12/Jan/2022:02:37:22 +0900] "GET /wp-includes/js/wp-util.min.js?ver=5.8.2 HTTP/1.1" 200 1340
::1 - - [12/Jan/2022:02:37:22 +0900] "GET /wp-includes/js/dist/dom-ready.min.js?ver=71883072590656bf22c74c7b887df3dd HTTP/1.1" 200 1257
::1 - - [12/Jan/2022:02:37:22 +0900] "GET /wp-includes/js/dist/a11y.min.js?ver=0ac8327cc1c40dcfdf29716affd7ac63 HTTP/1.1" 200 3009
::1 - - [12/Jan/2022:02:37:22 +0900] "GET /wp-includes/js/api-request.min.js?ver=5.8.2 HTTP/1.1" 200 1025
::1 - - [12/Jan/2022:02:37:22 +0900] "GET /wp-includes/js/dist/vendor/lodash.min.js?ver=4.17.19 HTTP/1.1" 200 73015
::1 - - [12/Jan/2022:02:37:22 +0900] "GET /wp-includes/js/dist/url.min.js?ver=d4bdf85a96aa587b52f4b8d58b4457c1 HTTP/1.1" 200 5002
::1 - - [12/Jan/2022:02:37:22 +0900] "GET /wp-admin/js/site-health.min.js?ver=5.8.2 HTTP/1.1" 200 6142
::1 - - [12/Jan/2022:02:37:22 +0900] "GET /wp-includes/js/wp-ajax-response.min.js?ver=5.8.2 HTTP/1.1" 200 2082
::1 - - [12/Jan/2022:02:37:22 +0900] "GET /wp-includes/js/jquery/jquery.color.min.js?ver=2.1.2 HTTP/1.1" 200 9315
::1 - - [12/Jan/2022:02:37:22 +0900] "GET /wp-includes/js/wp-lists.min.js?ver=5.8.2 HTTP/1.1" 200 7442
::1 - - [12/Jan/2022:02:37:22 +0900] "GET /wp-includes/js/quicktags.min.js?ver=5.8.2 HTTP/1.1" 200 11133
::1 - - [12/Jan/2022:02:37:22 +0900] "GET /wp-includes/js/jquery/jquery.query.js?ver=2.1.7 HTTP/1.1" 200 3785
::1 - - [12/Jan/2022:02:37:22 +0900] "GET /wp-admin/js/edit-comments.min.js?ver=5.8.2 HTTP/1.1" 200 15268
::1 - - [12/Jan/2022:02:37:22 +0900] "GET /wp-includes/js/jquery/ui/core.min.js?ver=1.12.1 HTTP/1.1" 200 20787
::1 - - [12/Jan/2022:02:37:22 +0900] "GET /wp-includes/js/jquery/ui/mouse.min.js?ver=1.12.1 HTTP/1.1" 200 3380
::1 - - [12/Jan/2022:02:37:22 +0900] "GET /wp-includes/js/jquery/ui/sortable.min.js?ver=1.12.1 HTTP/1.1" 200 24782
::1 - - [12/Jan/2022:02:37:22 +0900] "GET /wp-admin/js/postbox.min.js?ver=5.8.2 HTTP/1.1" 200 6713
::1 - - [12/Jan/2022:02:37:22 +0900] "GET /wp-includes/js/dist/vendor/moment.min.js?ver=2.29.1 HTTP/1.1" 200 58325
::1 - - [12/Jan/2022:02:37:22 +0900] "GET /wp-includes/js/dist/date.min.js?ver=061439ac4325ef057b8f9c142c82a823 HTTP/1.1" 200 203411
::1 - - [12/Jan/2022:02:37:22 +0900] "GET /wp-admin/js/dashboard.min.js?ver=5.8.2 HTTP/1.1" 200 8797
::1 - - [12/Jan/2022:02:37:22 +0900] "GET /wp-includes/js/thickbox/thickbox.js?ver=3.1-20121105 HTTP/1.1" 200 13194
::1 - - [12/Jan/2022:02:37:22 +0900] "GET /wp-admin/js/plugin-install.min.js?ver=5.8.2 HTTP/1.1" 200 2403
::1 - - [12/Jan/2022:02:37:22 +0900] "GET /wp-includes/js/wp-sanitize.min.js?ver=5.8.2 HTTP/1.1" 200 458
::1 - - [12/Jan/2022:02:37:22 +0900] "GET /wp-admin/js/updates.min.js?ver=5.8.2 HTTP/1.1" 200 41065
::1 - - [12/Jan/2022:02:37:22 +0900] "GET /wp-includes/js/shortcode.min.js?ver=5.8.2 HTTP/1.1" 200 2650
::1 - - [12/Jan/2022:02:37:22 +0900] "GET /wp-admin/js/media-upload.min.js?ver=5.8.2 HTTP/1.1" 200 1152
::1 - - [12/Jan/2022:02:37:22 +0900] "GET /wp-admin/js/svg-painter.js?ver=5.8.2 HTTP/1.1" 200 5522
::1 - - [12/Jan/2022:02:37:22 +0900] "GET /wp-includes/js/heartbeat.min.js?ver=5.8.2 HTTP/1.1" 200 5877
::1 - - [12/Jan/2022:02:37:22 +0900] "GET /wp-includes/js/wp-auth-check.min.js?ver=5.8.2 HTTP/1.1" 200 1658
::1 - - [12/Jan/2022:02:37:22 +0900] "GET /wp-includes/js/wplink.min.js?ver=5.8.2 HTTP/1.1" 200 11270
::1 - - [12/Jan/2022:02:37:22 +0900] "GET /wp-includes/js/jquery/ui/menu.min.js?ver=1.12.1 HTTP/1.1" 200 9531
::1 - - [12/Jan/2022:02:37:22 +0900] "GET /wp-includes/js/jquery/ui/autocomplete.min.js?ver=1.12.1 HTTP/1.1" 200 8539
::1 - - [12/Jan/2022:02:37:20 +0900] "GET /js/clean-blog.min.js HTTP/1.1" 404 6262
::1 - - [12/Jan/2022:02:37:20 +0900] "GET /img/home-bg.jpg HTTP/1.1" 404 6262
::1 - - [12/Jan/2022:02:37:21 +0900] "GET /wp-admin/load-styles.php?c=1&dir=ltr&load%5Bchunk_0%5D=dashicons,admin-bar,site-health,common,forms,admin-menu,dashboard,list-tables,edit,revisions,media,themes,about,nav-menus,wp-poi&load%5Bchunk_1%5D=nter,widgets,site-icon,l10n,buttons,wp-auth-check&ver=5.8.2 HTTP/1.1" 200 386721
::1 - - [12/Jan/2022:02:37:21 +0900] "GET /wp-admin/load-scripts.php?c=1&load%5Bchunk_0%5D=jquery-core,jquery-migrate,utils&ver=5.8.2 HTTP/1.1" 200 102612
::1 - - [12/Jan/2022:02:37:22 +0900] "GET /wp-admin/load-scripts.php?c=1&load%5Bchunk_0%5D=hoverIntent,regenerator-runtime,wp-polyfill,wp-hooks&ver=5.8.2 HTTP/1.1" 200 29800
::1 - - [12/Jan/2022:02:37:22 +0900] "GET /wp-includes/js/wp-emoji-release.min.js?ver=5.8.2 HTTP/1.1" 200 18181
::1 - - [12/Jan/2022:02:37:22 +0900] "GET /favicon.ico HTTP/1.1" 302 -
::1 - - [12/Jan/2022:02:37:22 +0900] "GET /wp-includes/images/w-logo-blue-white-bg.png HTTP/1.1" 200 4119
::1 - - [12/Jan/2022:02:37:23 +0900] "GET /wp-includes/js/thickbox/loadingAnimation.gif HTTP/1.1" 200 15238
::1 - - [12/Jan/2022:02:37:23 +0900] "POST /wp-admin/admin-ajax.php HTTP/1.1" 200 2037
::1 - - [12/Jan/2022:02:37:24 +0900] "GET /wp-admin/images/spinner-2x.gif HTTP/1.1" 200 7536
::1 - - [12/Jan/2022:02:37:23 +0900] "GET /wp-admin/admin-ajax.php?action=dashboard-widgets&widget=dashboard_primary&pagenow=dashboard HTTP/1.1" 200 1305
::1 - - [12/Jan/2022:02:37:24 +0900] "POST /wp-cron.php HTTP/1.1" 200 -
::1 - - [12/Jan/2022:02:37:37 +0900] "GET /wp-admin/update-core.php HTTP/1.1" 200 28543
::1 - - [12/Jan/2022:02:37:38 +0900] "GET /wp-admin/load-styles.php?c=1&dir=ltr&load%5Bchunk_0%5D=dashicons,admin-bar,common,forms,admin-menu,dashboard,list-tables,edit,revisions,media,themes,about,nav-menus,wp-pointer,widgets&load%5Bchunk_1%5D=,site-icon,l10n,buttons&ver=5.8.2 HTTP/1.1" 200 379667
::1 - - [12/Jan/2022:02:37:47 +0900] "POST /wp-admin/upgrade.php?step=upgrade_db HTTP/1.1" 200 1
::1 - - [12/Jan/2022:02:37:41 +0900] "POST /wp-admin/update-core.php?action=do-core-upgrade HTTP/1.1" 200 27692
::1 - - [12/Jan/2022:02:37:50 +0900] "GET /wp-admin/load-styles.php?c=1&dir=ltr&load%5Bchunk_0%5D=dashicons,admin-bar,common,forms,admin-menu,dashboard,list-tables,edit,revisions,media,themes,about,nav-menus,wp-pointer,widgets&load%5Bchunk_1%5D=,site-icon,l10n,buttons,wp-auth-check&ver=5.8.3 HTTP/1.1" 200 381608
::1 - - [12/Jan/2022:02:37:50 +0900] "GET /wp-admin/load-scripts.php?c=1&load%5Bchunk_0%5D=jquery-core,jquery-migrate,utils&ver=5.8.3 HTTP/1.1" 200 102612
::1 - - [12/Jan/2022:02:37:50 +0900] "GET /wp-admin/about.php?updated HTTP/1.1" 200 31292
::1 - - [12/Jan/2022:02:37:50 +0900] "GET /wp-includes/js/wp-emoji-release.min.js?ver=5.8.3 HTTP/1.1" 200 18181
::1 - - [12/Jan/2022:02:37:50 +0900] "GET /wp-admin/js/common.min.js?ver=5.8.3 HTTP/1.1" 200 20037
::1 - - [12/Jan/2022:02:37:50 +0900] "GET /wp-includes/js/admin-bar.min.js?ver=5.8.3 HTTP/1.1" 200 3556
::1 - - [12/Jan/2022:02:37:50 +0900] "GET /wp-admin/js/svg-painter.js?ver=5.8.3 HTTP/1.1" 200 5522
::1 - - [12/Jan/2022:02:37:50 +0900] "GET /wp-includes/js/heartbeat.min.js?ver=5.8.3 HTTP/1.1" 200 5877
::1 - - [12/Jan/2022:02:37:50 +0900] "GET /wp-includes/js/wp-auth-check.min.js?ver=5.8.3 HTTP/1.1" 200 1658
::1 - - [12/Jan/2022:02:37:50 +0900] "GET /wp-admin/images/about-header-about.svg HTTP/1.1" 200 45266
::1 - - [12/Jan/2022:02:37:50 +0900] "GET /wp-admin/load-scripts.php?c=1&load%5Bchunk_0%5D=hoverIntent,regenerator-runtime,wp-polyfill,wp-hooks&ver=5.8.3 HTTP/1.1" 200 29800
::1 - - [12/Jan/2022:02:38:01 +0900] "GET / HTTP/1.1" 200 6262
::1 - - [12/Jan/2022:02:38:02 +0900] "GET /vendor/bootstrap/js/bootstrap.bundle.min.js HTTP/1.1" 404 6262
::1 - - [12/Jan/2022:02:38:02 +0900] "GET /vendor/jquery/jquery.min.js HTTP/1.1" 404 6262
::1 - - [12/Jan/2022:02:38:02 +0900] "GET /img/home-bg.jpg HTTP/1.1" 404 6262
::1 - - [12/Jan/2022:02:38:02 +0900] "GET /js/clean-blog.min.js HTTP/1.1" 404 6262
::1 - - [12/Jan/2022:02:38:46 +0900] "GET /index.html HTTP/1.1" 404 6262
::1 - - [12/Jan/2022:02:38:46 +0900] "GET /vendor/bootstrap/js/bootstrap.bundle.min.js HTTP/1.1" 404 6262
::1 - - [12/Jan/2022:02:38:46 +0900] "GET /vendor/jquery/jquery.min.js HTTP/1.1" 404 6262
::1 - - [12/Jan/2022:02:38:46 +0900] "GET /js/clean-blog.min.js HTTP/1.1" 404 6262
::1 - - [12/Jan/2022:02:38:46 +0900] "GET /img/home-bg.jpg HTTP/1.1" 404 6262
::1 - - [12/Jan/2022:02:38:48 +0900] "GET /about.html HTTP/1.1" 404 6262
::1 - - [12/Jan/2022:02:38:48 +0900] "GET /vendor/bootstrap/js/bootstrap.bundle.min.js HTTP/1.1" 404 6262
::1 - - [12/Jan/2022:02:38:48 +0900] "GET /vendor/jquery/jquery.min.js HTTP/1.1" 404 6262
::1 - - [12/Jan/2022:02:38:48 +0900] "GET /js/clean-blog.min.js HTTP/1.1" 404 6262
::1 - - [12/Jan/2022:02:38:48 +0900] "GET /img/home-bg.jpg HTTP/1.1" 404 6262
::1 - - [12/Jan/2022:02:38:50 +0900] "GET /post.html HTTP/1.1" 404 6262
::1 - - [12/Jan/2022:02:38:50 +0900] "GET /vendor/jquery/jquery.min.js HTTP/1.1" 404 6262
::1 - - [12/Jan/2022:02:38:50 +0900] "GET /js/clean-blog.min.js HTTP/1.1" 404 6262
::1 - - [12/Jan/2022:02:38:50 +0900] "GET /vendor/bootstrap/js/bootstrap.bundle.min.js HTTP/1.1" 404 6262
::1 - - [12/Jan/2022:02:38:50 +0900] "GET /img/home-bg.jpg HTTP/1.1" 404 6262
::1 - - [12/Jan/2022:02:38:52 +0900] "GET /contact.html HTTP/1.1" 404 6262
::1 - - [12/Jan/2022:02:38:52 +0900] "GET /vendor/bootstrap/js/bootstrap.bundle.min.js HTTP/1.1" 404 6262
::1 - - [12/Jan/2022:02:38:52 +0900] "GET /vendor/jquery/jquery.min.js HTTP/1.1" 404 6262
::1 - - [12/Jan/2022:02:38:52 +0900] "GET /js/clean-blog.min.js HTTP/1.1" 404 6262
::1 - - [12/Jan/2022:02:38:52 +0900] "GET /img/home-bg.jpg HTTP/1.1" 404 6262
::1 - - [12/Jan/2022:12:54:13 +0900] "POST /wp-cron.php?doing_wp_cron=1641959653.3966999053955078125000 HTTP/1.1" 200 -
::1 - - [12/Jan/2022:12:54:12 +0900] "GET / HTTP/1.1" 200 6262
::1 - - [12/Jan/2022:12:54:13 +0900] "\x16\x03\x01" 400 226
::1 - - [12/Jan/2022:12:54:14 +0900] "\x16\x03\x01" 400 226
::1 - - [30/Jan/2022:20:01:23 +0900] "GET /wp-admin/?localwp_auto_login=1 HTTP/1.1" 302 -
::1 - - [30/Jan/2022:20:01:23 +0900] "POST /wp-cron.php?doing_wp_cron=1643540483.9578049182891845703125 HTTP/1.1" 200 -
::1 - - [30/Jan/2022:20:01:24 +0900] "\x16\x03\x01" 400 226
::1 - - [30/Jan/2022:20:01:24 +0900] "\x16\x03\x01" 400 226
::1 - - [30/Jan/2022:20:01:23 +0900] "GET /wp-admin/user/ HTTP/1.1" 302 -
::1 - - [30/Jan/2022:20:01:27 +0900] "GET /wp-includes/js/thickbox/thickbox.css?ver=5.8.3 HTTP/1.1" 200 2659
::1 - - [30/Jan/2022:20:01:27 +0900] "GET /wp-includes/css/editor.min.css?ver=5.8.3 HTTP/1.1" 200 27188
::1 - - [30/Jan/2022:20:01:27 +0900] "GET /wp-includes/js/dist/i18n.min.js?ver=5f1269854226b4dd90450db411a12b79 HTTP/1.1" 200 9866
::1 - - [30/Jan/2022:20:01:27 +0900] "GET /wp-admin/js/common.min.js?ver=5.8.3 HTTP/1.1" 200 20037
::1 - - [30/Jan/2022:20:01:27 +0900] "GET /wp-includes/js/admin-bar.min.js?ver=5.8.3 HTTP/1.1" 200 3556
::1 - - [30/Jan/2022:20:01:27 +0900] "GET /wp-includes/js/hoverintent-js.min.js?ver=2.2.1 HTTP/1.1" 200 1718
::1 - - [30/Jan/2022:20:01:25 +0900] "GET /wp-admin/ HTTP/1.1" 200 66959
::1 - - [30/Jan/2022:20:01:27 +0900] "GET /wp-includes/js/clipboard.min.js?ver=5.8.3 HTTP/1.1" 200 10607
::1 - - [30/Jan/2022:20:01:27 +0900] "GET /wp-includes/js/underscore.min.js?ver=1.13.1 HTTP/1.1" 200 19076
::1 - - [30/Jan/2022:20:01:27 +0900] "GET /wp-includes/js/wp-util.min.js?ver=5.8.3 HTTP/1.1" 200 1340
::1 - - [30/Jan/2022:20:01:27 +0900] "GET /wp-includes/js/dist/a11y.min.js?ver=0ac8327cc1c40dcfdf29716affd7ac63 HTTP/1.1" 200 3009
::1 - - [30/Jan/2022:20:01:27 +0900] "GET /wp-includes/js/dist/dom-ready.min.js?ver=71883072590656bf22c74c7b887df3dd HTTP/1.1" 200 1257
::1 - - [30/Jan/2022:20:01:27 +0900] "GET /wp-includes/js/api-request.min.js?ver=5.8.3 HTTP/1.1" 200 1025
::1 - - [30/Jan/2022:20:01:27 +0900] "GET /wp-includes/js/dist/url.min.js?ver=d4bdf85a96aa587b52f4b8d58b4457c1 HTTP/1.1" 200 5002
::1 - - [30/Jan/2022:20:01:27 +0900] "GET /wp-includes/js/dist/vendor/lodash.min.js?ver=4.17.19 HTTP/1.1" 200 73015
::1 - - [30/Jan/2022:20:01:27 +0900] "GET /wp-admin/js/site-health.min.js?ver=5.8.3 HTTP/1.1" 200 6142
::1 - - [30/Jan/2022:20:01:27 +0900] "GET /wp-includes/js/wp-ajax-response.min.js?ver=5.8.3 HTTP/1.1" 200 2082
::1 - - [30/Jan/2022:20:01:27 +0900] "GET /wp-includes/js/jquery/jquery.color.min.js?ver=2.1.2 HTTP/1.1" 200 9315
::1 - - [30/Jan/2022:20:01:27 +0900] "GET /wp-includes/js/wp-lists.min.js?ver=5.8.3 HTTP/1.1" 200 7442
::1 - - [30/Jan/2022:20:01:27 +0900] "GET /wp-includes/js/quicktags.min.js?ver=5.8.3 HTTP/1.1" 200 11133
::1 - - [30/Jan/2022:20:01:27 +0900] "GET /wp-includes/js/jquery/jquery.query.js?ver=2.1.7 HTTP/1.1" 200 3785
::1 - - [30/Jan/2022:20:01:27 +0900] "GET /wp-admin/js/edit-comments.min.js?ver=5.8.3 HTTP/1.1" 200 15268
::1 - - [30/Jan/2022:20:01:27 +0900] "GET /wp-includes/js/jquery/ui/core.min.js?ver=1.12.1 HTTP/1.1" 200 20787
::1 - - [30/Jan/2022:20:01:27 +0900] "GET /wp-admin/load-scripts.php?c=1&load%5Bchunk_0%5D=jquery-core,jquery-migrate,utils&ver=5.8.3 HTTP/1.1" 200 102612
::1 - - [30/Jan/2022:20:01:27 +0900] "GET /wp-includes/js/jquery/ui/mouse.min.js?ver=1.12.1 HTTP/1.1" 200 3380
::1 - - [30/Jan/2022:20:01:27 +0900] "GET /wp-includes/js/jquery/ui/sortable.min.js?ver=1.12.1 HTTP/1.1" 200 24782
::1 - - [30/Jan/2022:20:01:27 +0900] "GET /wp-admin/js/postbox.min.js?ver=5.8.3 HTTP/1.1" 200 6713
::1 - - [30/Jan/2022:20:01:27 +0900] "GET /wp-includes/js/dist/vendor/moment.min.js?ver=2.29.1 HTTP/1.1" 200 58325
::1 - - [30/Jan/2022:20:01:27 +0900] "GET /wp-includes/js/dist/date.min.js?ver=061439ac4325ef057b8f9c142c82a823 HTTP/1.1" 200 203411
::1 - - [30/Jan/2022:20:01:27 +0900] "GET /wp-admin/js/dashboard.min.js?ver=5.8.3 HTTP/1.1" 200 8797
::1 - - [30/Jan/2022:20:01:27 +0900] "GET /wp-includes/js/thickbox/thickbox.js?ver=3.1-20121105 HTTP/1.1" 200 13194
::1 - - [30/Jan/2022:20:01:27 +0900] "GET /wp-admin/js/plugin-install.min.js?ver=5.8.3 HTTP/1.1" 200 2403
::1 - - [30/Jan/2022:20:01:27 +0900] "GET /wp-includes/js/wp-sanitize.min.js?ver=5.8.3 HTTP/1.1" 200 458
::1 - - [30/Jan/2022:20:01:27 +0900] "GET /wp-includes/js/shortcode.min.js?ver=5.8.3 HTTP/1.1" 200 2650
::1 - - [30/Jan/2022:20:01:27 +0900] "GET /wp-admin/js/updates.min.js?ver=5.8.3 HTTP/1.1" 200 41065
::1 - - [30/Jan/2022:20:01:27 +0900] "GET /wp-admin/js/media-upload.min.js?ver=5.8.3 HTTP/1.1" 200 1152
::1 - - [30/Jan/2022:20:01:27 +0900] "GET /wp-admin/js/svg-painter.js?ver=5.8.3 HTTP/1.1" 200 5522
::1 - - [30/Jan/2022:20:01:27 +0900] "GET /wp-includes/js/wp-auth-check.min.js?ver=5.8.3 HTTP/1.1" 200 1658
::1 - - [30/Jan/2022:20:01:27 +0900] "GET /wp-includes/js/heartbeat.min.js?ver=5.8.3 HTTP/1.1" 200 5877
::1 - - [30/Jan/2022:20:01:27 +0900] "GET /wp-includes/js/jquery/ui/menu.min.js?ver=1.12.1 HTTP/1.1" 200 9531
::1 - - [30/Jan/2022:20:01:27 +0900] "GET /wp-includes/js/wplink.min.js?ver=5.8.3 HTTP/1.1" 200 11270
::1 - - [30/Jan/2022:20:01:27 +0900] "GET /wp-includes/js/jquery/ui/autocomplete.min.js?ver=1.12.1 HTTP/1.1" 200 8539
::1 - - [30/Jan/2022:20:01:27 +0900] "GET /wp-admin/load-styles.php?c=1&dir=ltr&load%5Bchunk_0%5D=dashicons,admin-bar,site-health,common,forms,admin-menu,dashboard,list-tables,edit,revisions,media,themes,about,nav-menus,wp-poi&load%5Bchunk_1%5D=nter,widgets,site-icon,l10n,buttons,wp-auth-check&ver=5.8.3 HTTP/1.1" 200 386721
::1 - - [30/Jan/2022:20:01:27 +0900] "GET /wp-admin/load-scripts.php?c=1&load%5Bchunk_0%5D=hoverIntent,regenerator-runtime,wp-polyfill,wp-hooks&ver=5.8.3 HTTP/1.1" 200 29800
::1 - - [30/Jan/2022:20:01:27 +0900] "GET /wp-includes/js/wp-emoji-release.min.js?ver=5.8.3 HTTP/1.1" 200 18181
::1 - - [30/Jan/2022:20:01:28 +0900] "GET /favicon.ico HTTP/1.1" 302 -
::1 - - [30/Jan/2022:20:01:28 +0900] "GET /wp-includes/images/w-logo-blue-white-bg.png HTTP/1.1" 200 4119
::1 - - [30/Jan/2022:20:01:28 +0900] "GET /wp-includes/js/thickbox/loadingAnimation.gif HTTP/1.1" 200 15238
::1 - - [30/Jan/2022:20:01:28 +0900] "POST /wp-admin/admin-ajax.php HTTP/1.1" 200 794
::1 - - [30/Jan/2022:20:01:30 +0900] "GET /wp-admin/images/spinner-2x.gif HTTP/1.1" 200 7536
::1 - - [30/Jan/2022:20:01:28 +0900] "GET /wp-admin/admin-ajax.php?action=dashboard-widgets&widget=dashboard_primary&pagenow=dashboard HTTP/1.1" 200 1299
::1 - - [30/Jan/2022:20:01:29 +0900] "POST /wp-cron.php HTTP/1.1" 200 -
::1 - - [30/Jan/2022:20:02:27 +0900] "GET / HTTP/1.1" 200 6262
::1 - - [30/Jan/2022:20:02:27 +0900] "GET /wp-content/themes/mytheme/vendor/bootstrap/css/bootstrap.min.css HTTP/1.1" 200 160392
::1 - - [30/Jan/2022:20:02:27 +0900] "GET /wp-content/themes/mytheme/vendor/fontawesome-free/css/all.min.css HTTP/1.1" 200 59344
::1 - - [30/Jan/2022:20:02:27 +0900] "GET /wp-content/themes/mytheme/css/clean-blog.min.css HTTP/1.1" 200 6403
::1 - - [30/Jan/2022:20:02:27 +0900] "GET /vendor/jquery/jquery.min.js HTTP/1.1" 404 6262
::1 - - [30/Jan/2022:20:02:27 +0900] "GET /vendor/bootstrap/js/bootstrap.bundle.min.js HTTP/1.1" 404 6262
::1 - - [30/Jan/2022:20:02:28 +0900] "GET /wp-content/themes/mytheme/vendor/fontawesome-free/webfonts/fa-brands-400.woff2 HTTP/1.1" 200 78460
::1 - - [30/Jan/2022:20:02:28 +0900] "GET /wp-content/themes/mytheme/vendor/fontawesome-free/webfonts/fa-solid-900.woff2 HTTP/1.1" 200 80300
::1 - - [30/Jan/2022:20:02:27 +0900] "GET /js/clean-blog.min.js HTTP/1.1" 404 6262
::1 - - [30/Jan/2022:20:02:28 +0900] "GET /wp-content/themes/mytheme/vendor/fontawesome-free/webfonts/fa-regular-400.woff2 HTTP/1.1" 200 13548
::1 - - [30/Jan/2022:20:02:28 +0900] "GET /img/home-bg.jpg HTTP/1.1" 404 6262
::1 - - [30/Jan/2022:20:05:14 +0900] "POST /wp-admin/admin-ajax.php HTTP/1.1" 200 47
::1 - - [30/Jan/2022:20:05:20 +0900] "GET /wp-includes/js/mediaelement/wp-mediaelement.min.css?ver=5.8.3 HTTP/1.1" 200 4186
::1 - - [30/Jan/2022:20:05:20 +0900] "GET /wp-includes/js/mediaelement/mediaelementplayer-legacy.min.css?ver=4.2.16 HTTP/1.1" 200 11256
::1 - - [30/Jan/2022:20:05:20 +0900] "GET /wp-includes/js/codemirror/codemirror.min.css?ver=5.29.1-alpha-ee20357 HTTP/1.1" 200 15899
::1 - - [30/Jan/2022:20:05:20 +0900] "GET /wp-includes/js/imgareaselect/imgareaselect.css?ver=0.9.8 HTTP/1.1" 200 790
::1 - - [30/Jan/2022:20:05:20 +0900] "GET /wp-includes/js/jquery/ui/draggable.min.js?ver=1.12.1 HTTP/1.1" 200 18291
::1 - - [30/Jan/2022:20:05:20 +0900] "GET /wp-includes/js/jquery/ui/droppable.min.js?ver=1.12.1 HTTP/1.1" 200 6581
::1 - - [30/Jan/2022:20:05:20 +0900] "GET /wp-includes/js/backbone.min.js?ver=1.4.0 HTTP/1.1" 200 23818
::1 - - [30/Jan/2022:20:05:20 +0900] "GET /wp-includes/js/wp-backbone.min.js?ver=5.8.3 HTTP/1.1" 200 3037
::1 - - [30/Jan/2022:20:05:20 +0900] "GET /wp-includes/js/utils.min.js?ver=5.8.3 HTTP/1.1" 200 1864
::1 - - [30/Jan/2022:20:05:20 +0900] "GET /wp-includes/js/media-models.min.js?ver=5.8.3 HTTP/1.1" 200 14293
::1 - - [30/Jan/2022:20:05:20 +0900] "GET /wp-admin/js/editor.min.js?ver=5.8.3 HTTP/1.1" 200 13211
::1 - - [30/Jan/2022:20:05:20 +0900] "GET /wp-includes/js/plupload/moxie.min.js?ver=1.3.5 HTTP/1.1" 200 87654
::1 - - [30/Jan/2022:20:05:20 +0900] "GET /wp-includes/js/plupload/plupload.min.js?ver=2.1.9 HTTP/1.1" 200 15612
::1 - - [30/Jan/2022:20:05:20 +0900] "GET /wp-includes/js/plupload/wp-plupload.min.js?ver=5.8.3 HTTP/1.1" 200 5979
::1 - - [30/Jan/2022:20:05:20 +0900] "GET /wp-includes/js/mediaelement/mediaelement-migrate.min.js?ver=5.8.3 HTTP/1.1" 200 1193
::1 - - [30/Jan/2022:20:05:20 +0900] "GET /wp-includes/js/mediaelement/wp-mediaelement.min.js?ver=5.8.3 HTTP/1.1" 200 906
::1 - - [30/Jan/2022:20:05:20 +0900] "GET /wp-admin/load-styles.php?c=1&dir=ltr&load%5Bchunk_0%5D=dashicons,common,forms,admin-menu,dashboard,list-tables,edit,revisions,media,themes,about,nav-menus,wp-pointer,widgets,site-icon&load%5Bchunk_1%5D=,l10n,buttons,customize-controls,customize-widgets,wp-block-library,wp-components,wp-widgets,wp-block-editor,wp-nux,wp-reusable-&load%5Bchunk_2%5D=blocks,wp-editor,wp-reset-editor-styles,wp-editor-classic-layout-styles,wp-block-library-theme,wp-edit-blocks,wp-customize-widge&load%5Bchunk_3%5D=ts,wp-block-directory,wp-format-library,customize-nav-menus,code-editor,media-views&ver=5.8.3 HTTP/1.1" 200 900586
::1 - - [30/Jan/2022:20:05:20 +0900] "GET /wp-includes/js/mediaelement/mediaelement-and-player.min.js?ver=4.2.16 HTTP/1.1" 200 157610
::1 - - [30/Jan/2022:20:05:20 +0900] "GET /wp-includes/js/media-views.min.js?ver=5.8.3 HTTP/1.1" 200 111267
::1 - - [30/Jan/2022:20:05:20 +0900] "GET /wp-includes/js/codemirror/codemirror.min.js?ver=5.29.1-alpha-ee20357 HTTP/1.1" 200 585414
::1 - - [30/Jan/2022:20:05:20 +0900] "GET /wp-admin/load-scripts.php?c=1&load%5Bchunk_0%5D=jquery-core,jquery-migrate,regenerator-runtime,wp-polyfill,wp-hooks,underscore,wp-dom-ready&ver=5.8.3 HTTP/1.1" 200 149401
::1 - - [30/Jan/2022:20:05:20 +0900] "GET /wp-admin/js/code-editor.min.js?ver=5.8.3 HTTP/1.1" 200 3084
::1 - - [30/Jan/2022:20:05:20 +0900] "GET /wp-includes/js/media-editor.min.js?ver=5.8.3 HTTP/1.1" 200 10909
::1 - - [30/Jan/2022:20:05:20 +0900] "GET /wp-admin/js/nav-menu.min.js?ver=5.8.3 HTTP/1.1" 200 25616
::1 - - [30/Jan/2022:20:05:20 +0900] "GET /wp-includes/js/media-audiovideo.min.js?ver=5.8.3 HTTP/1.1" 200 12964
::1 - - [30/Jan/2022:20:05:20 +0900] "GET /wp-admin/js/widgets/media-widgets.min.js?ver=5.8.3 HTTP/1.1" 200 14253
::1 - - [30/Jan/2022:20:05:20 +0900] "GET /wp-admin/js/widgets/media-audio-widget.min.js?ver=5.8.3 HTTP/1.1" 200 1447
::1 - - [30/Jan/2022:20:05:20 +0900] "GET /wp-admin/js/widgets/media-gallery-widget.min.js?ver=5.8.3 HTTP/1.1" 200 3766
::1 - - [30/Jan/2022:20:05:20 +0900] "GET /wp-admin/js/widgets/media-video-widget.min.js?ver=5.8.3 HTTP/1.1" 200 2704
::1 - - [30/Jan/2022:20:05:20 +0900] "GET /wp-admin/js/widgets/text-widgets.min.js?ver=5.8.3 HTTP/1.1" 200 5854
::1 - - [30/Jan/2022:20:05:20 +0900] "GET /wp-includes/js/codemirror/htmlhint.js?ver=0.9.14-xwp HTTP/1.1" 200 17735
::1 - - [30/Jan/2022:20:05:20 +0900] "GET /wp-includes/js/codemirror/csslint.js?ver=1.0.5 HTTP/1.1" 200 366769
::1 - - [30/Jan/2022:20:05:20 +0900] "GET /wp-admin/js/widgets/media-image-widget.min.js?ver=5.8.3 HTTP/1.1" 200 2024
::1 - - [30/Jan/2022:20:05:20 +0900] "GET /wp-includes/js/codemirror/fakejshint.js?ver=2.9.5 HTTP/1.1" 200 1002
::1 - - [30/Jan/2022:20:05:20 +0900] "GET /wp-includes/js/codemirror/esprima.js?ver=4.0.0 HTTP/1.1" 200 283149
::1 - - [30/Jan/2022:20:05:20 +0900] "GET /wp-admin/js/widgets/custom-html-widgets.min.js?ver=5.8.3 HTTP/1.1" 200 5571
::1 - - [30/Jan/2022:20:05:20 +0900] "GET /wp-includes/js/dist/vendor/react.min.js?ver=16.13.1 HTTP/1.1" 200 12463
::1 - - [30/Jan/2022:20:05:20 +0900] "GET /wp-includes/js/dist/blob.min.js?ver=4eca38a62df5f0145a5f1a78858581e7 HTTP/1.1" 200 1574
::1 - - [30/Jan/2022:20:05:20 +0900] "GET /wp-admin/load-styles.php?c=1&dir=ltr&load%5Bchunk_0%5D=editor-buttons&ver=5.8.3 HTTP/1.1" 200 27189
::1 - - [30/Jan/2022:20:05:20 +0900] "GET /wp-includes/js/dist/autop.min.js?ver=0e55c6c10f6d8a4bd90b2ea903436301 HTTP/1.1" 200 6247
::1 - - [30/Jan/2022:20:05:20 +0900] "GET /wp-includes/js/dist/block-serialization-default-parser.min.js?ver=2fc6dec19af6d4c5e5fec8f6fdc1a10b HTTP/1.1" 200 3015
::1 - - [30/Jan/2022:20:05:20 +0900] "GET /wp-includes/js/dist/deprecated.min.js?ver=932d8bb37da8bbb396a7a3f754345e08 HTTP/1.1" 200 1564
::1 - - [30/Jan/2022:20:05:20 +0900] "GET /wp-includes/js/dist/dom.min.js?ver=a82fdb54a6baeb86aa639117061bf119 HTTP/1.1" 200 13610
::1 - - [30/Jan/2022:20:05:20 +0900] "GET /wp-includes/js/dist/vendor/react-dom.min.js?ver=16.13.1 HTTP/1.1" 200 118656
::1 - - [30/Jan/2022:20:05:20 +0900] "GET /wp-includes/js/dist/escape-html.min.js?ver=dcba9e40e8782c7d5883426934834b3e HTTP/1.1" 200 1783
::1 - - [30/Jan/2022:20:05:20 +0900] "GET /wp-includes/js/dist/element.min.js?ver=43a121e875f299c637e1115581bee905 HTTP/1.1" 200 9240
::1 - - [30/Jan/2022:20:05:20 +0900] "GET /wp-includes/js/dist/is-shallow-equal.min.js?ver=9b8d91804cfb3ef5b14e6ef816664072 HTTP/1.1" 200 1696
::1 - - [30/Jan/2022:20:05:20 +0900] "GET /wp-includes/js/dist/keycodes.min.js?ver=0b881ee2324067c223d746a87ae4ddda HTTP/1.1" 200 3414
::1 - - [30/Jan/2022:20:05:20 +0900] "GET /wp-includes/js/dist/priority-queue.min.js?ver=b2e76fb9887a285b5eff38763f2ac2fc HTTP/1.1" 200 1636
::1 - - [30/Jan/2022:20:05:20 +0900] "GET /wp-includes/js/dist/redux-routine.min.js?ver=fd5f93d1f8206c65d1891cf1f898211e HTTP/1.1" 200 9608
::1 - - [30/Jan/2022:20:05:20 +0900] "GET /wp-includes/js/dist/compose.min.js?ver=35754587ca81a116927d3de1017f4fa0 HTTP/1.1" 200 32431
::1 - - [30/Jan/2022:20:05:20 +0900] "GET /wp-admin/load-scripts.php?c=1&load%5Bchunk_0%5D=heartbeat,customize-base,customize-controls,customize-widgets&ver=5.8.3 HTTP/1.1" 200 152844
::1 - - [30/Jan/2022:20:05:20 +0900] "GET /wp-includes/js/dist/data.min.js?ver=a9e98fe3ad76884fe7909ba8348395b7 HTTP/1.1" 200 22555
::1 - - [30/Jan/2022:20:05:20 +0900] "GET /wp-includes/js/dist/html-entities.min.js?ver=26307b6ad1e445fc1a4643f634cb29c6 HTTP/1.1" 200 1416
::1 - - [30/Jan/2022:20:05:20 +0900] "GET /wp-includes/js/dist/primitives.min.js?ver=fedf57cf6da174d1eca2875b8b730af3 HTTP/1.1" 200 2896
::1 - - [30/Jan/2022:20:05:20 +0900] "GET /wp-includes/js/dist/shortcode.min.js?ver=361473450d55d9ffe30983cf22f42a8f HTTP/1.1" 200 3996
::1 - - [30/Jan/2022:20:05:20 +0900] "GET /wp-includes/js/dist/rich-text.min.js?ver=10cd4e4656806fb1a6884c84213af69c HTTP/1.1" 200 34096
::1 - - [30/Jan/2022:20:05:20 +0900] "GET /wp-includes/js/dist/warning.min.js?ver=3e70e9d62208deeee510b84df4dec7f1 HTTP/1.1" 200 2834
::1 - - [30/Jan/2022:20:05:20 +0900] "GET /wp-includes/js/dist/blocks.min.js?ver=7ed7fe32dad771c4e0af4f56539ff156 HTTP/1.1" 200 158047
::1 - - [30/Jan/2022:20:05:20 +0900] "GET /wp-includes/js/dist/keyboard-shortcuts.min.js?ver=d70c8cb490d99422cf8f2693ab7e88d0 HTTP/1.1" 200 4619
::1 - - [30/Jan/2022:20:05:20 +0900] "GET /wp-includes/js/dist/notices.min.js?ver=f5dfeda575085df54ed17c2d8a6afaa4 HTTP/1.1" 200 2636
::1 - - [30/Jan/2022:20:05:20 +0900] "GET /wp-includes/js/dist/token-list.min.js?ver=4440092061c305ccc3ebf8ce18138c8a HTTP/1.1" 200 2124
::1 - - [30/Jan/2022:20:05:20 +0900] "GET /wp-includes/js/dist/wordcount.min.js?ver=83b86052fd3fc408a609e60d52164115 HTTP/1.1" 200 3255
::1 - - [30/Jan/2022:20:05:20 +0900] "GET /wp-includes/js/dist/components.min.js?ver=413e179f8a99bd28091ba5cc6f72c9f3 HTTP/1.1" 200 645355
::1 - - [30/Jan/2022:20:05:20 +0900] "GET /wp-includes/js/dist/api-fetch.min.js?ver=134e23b5f88ba06a093f9f92520a98df HTTP/1.1" 200 5756
::1 - - [30/Jan/2022:20:05:20 +0900] "GET /wp-includes/js/dist/data-controls.min.js?ver=cb4174d77c57f56732dc41d3bf3b2781 HTTP/1.1" 200 2241
::1 - - [30/Jan/2022:20:05:20 +0900] "GET /wp-includes/js/dist/block-editor.min.js?ver=fc8c27c6e95e7e0d59b4e344cb9ddfed HTTP/1.1" 200 423310
::1 - - [30/Jan/2022:20:05:20 +0900] "GET /wp-includes/js/dist/core-data.min.js?ver=fe45a7066c931b4d3d0ff96789da023d HTTP/1.1" 200 41646
::1 - - [30/Jan/2022:20:05:20 +0900] "GET /wp-includes/js/dist/reusable-blocks.min.js?ver=f210f01a481601fc2639d3f839449c5c HTTP/1.1" 200 7075
::1 - - [30/Jan/2022:20:05:20 +0900] "GET /wp-admin/customize.php HTTP/1.1" 200 375498
::1 - - [30/Jan/2022:20:05:20 +0900] "GET /wp-includes/js/dist/viewport.min.js?ver=57f92677272305fe301d0d0616d6c8c7 HTTP/1.1" 200 3030
::1 - - [30/Jan/2022:20:05:20 +0900] "GET /wp-includes/js/dist/server-side-render.min.js?ver=e68a4eae1f1e1f9a993d3bfbb601bad3 HTTP/1.1" 200 4126
::1 - - [30/Jan/2022:20:05:20 +0900] "GET /wp-includes/js/dist/block-library.min.js?ver=69fc06eecf1aeb26e48b8a47ed38179b HTTP/1.1" 200 483010
::1 - - [30/Jan/2022:20:05:20 +0900] "GET /wp-includes/js/dist/media-utils.min.js?ver=8e557d69e3ef2356d081c60830d157a1 HTTP/1.1" 200 8052
::1 - - [30/Jan/2022:20:05:20 +0900] "GET /wp-includes/js/dist/widgets.min.js?ver=2602721770ff18a259ab38ff3bac67bb HTTP/1.1" 200 19070
::1 - - [30/Jan/2022:20:05:20 +0900] "GET /wp-includes/js/dist/customize-widgets.min.js?ver=779dd942fa1333da9130a6c196eb972e HTTP/1.1" 200 37150
::1 - - [30/Jan/2022:20:05:20 +0900] "GET /wp-includes/js/dist/plugins.min.js?ver=01dbac2843febe57b20f01bdb7a432b8 HTTP/1.1" 200 5330
::1 - - [30/Jan/2022:20:05:20 +0900] "GET /wp-includes/js/dist/editor.min.js?ver=208cadf8632b62c7ccdf2f2feb2398e2 HTTP/1.1" 200 142423
::1 - - [30/Jan/2022:20:05:20 +0900] "GET /wp-includes/js/dist/block-directory.min.js?ver=59e39b168393c12505197fed91dc8d01 HTTP/1.1" 200 21578
::1 - - [30/Jan/2022:20:05:20 +0900] "GET /wp-includes/js/dist/edit-post.min.js?ver=3656613c515e40e95a15114467097b39 HTTP/1.1" 200 205281
::1 - - [30/Jan/2022:20:05:20 +0900] "GET /wp-includes/js/dist/format-library.min.js?ver=c765b263eb6bc434e4b93dfc8771aaaf HTTP/1.1" 200 18437
::1 - - [30/Jan/2022:20:05:20 +0900] "GET /wp-admin/js/accordion.min.js?ver=5.8.3 HTTP/1.1" 200 849
::1 - - [30/Jan/2022:20:05:20 +0900] "GET /wp-includes/js/customize-models.js?ver=5.8.3 HTTP/1.1" 200 6821
::1 - - [30/Jan/2022:20:05:20 +0900] "GET /wp-includes/js/imgareaselect/jquery.imgareaselect.min.js?ver=5.8.3 HTTP/1.1" 200 9723
::1 - - [30/Jan/2022:20:05:20 +0900] "GET /wp-includes/js/customize-views.js?ver=5.8.3 HTTP/1.1" 200 5065
::1 - - [30/Jan/2022:20:05:20 +0900] "GET /wp-includes/js/mce-view.min.js?ver=5.8.3 HTTP/1.1" 200 9883
::1 - - [30/Jan/2022:20:05:20 +0900] "GET /wp-admin/js/image-edit.min.js?ver=5.8.3 HTTP/1.1" 200 11263
::1 - - [30/Jan/2022:20:05:20 +0900] "GET /wp-includes/js/hoverIntent.min.js?ver=1.10.1 HTTP/1.1" 200 1480
::1 - - [30/Jan/2022:20:05:20 +0900] "GET /wp-includes/js/tinymce/wp-tinymce.js?ver=49110-20201110 HTTP/1.1" 200 671350
::1 - - [30/Jan/2022:20:05:20 +0900] "GET /wp-admin/js/customize-nav-menus.min.js?ver=5.8.3 HTTP/1.1" 200 45659
::1 - - [30/Jan/2022:20:05:21 +0900] "GET /wp-admin/images/arrows-2x.png HTTP/1.1" 200 863
::1 - - [30/Jan/2022:20:05:22 +0900] "GET /wp-json/wp/v2/widget-types?context=edit&per_page=100&_locale=user HTTP/1.1" 200 5630
::1 - - [30/Jan/2022:20:05:22 +0900] "GET /?customize_changeset_uuid=a5a78bb7-4d20-47b5-a0f1-749f429892bc&customize_theme=mytheme&customize_messenger_channel=preview-0 HTTP/1.1" 200 6262
::1 - - [30/Jan/2022:20:05:22 +0900] "GET /vendor/bootstrap/js/bootstrap.bundle.min.js HTTP/1.1" 404 6262
::1 - - [30/Jan/2022:20:05:22 +0900] "GET /vendor/jquery/jquery.min.js HTTP/1.1" 404 6262
::1 - - [30/Jan/2022:20:05:22 +0900] "GET /img/home-bg.jpg HTTP/1.1" 404 6262
::1 - - [30/Jan/2022:20:05:22 +0900] "GET /js/clean-blog.min.js HTTP/1.1" 404 6262
::1 - - [30/Jan/2022:20:05:43 +0900] "POST /wp-admin/admin-ajax.php HTTP/1.1" 404 50
::1 - - [30/Jan/2022:20:05:44 +0900] "GET /wp-admin/ HTTP/1.1" 200 68112
::1 - - [30/Jan/2022:20:05:44 +0900] "POST /wp-admin/admin-ajax.php HTTP/1.1" 200 794
::1 - - [30/Jan/2022:20:05:57 +0900] "GET /wp-admin/load-styles.php?c=1&dir=ltr&load%5Bchunk_0%5D=dashicons,admin-bar,common,forms,admin-menu,dashboard,list-tables,edit,revisions,media,themes,about,nav-menus,wp-pointer,widgets&load%5Bchunk_1%5D=,site-icon,l10n,buttons&ver=5.8.3 HTTP/1.1" 200 379667
::1 - - [30/Jan/2022:20:05:54 +0900] "GET /wp-admin/update-core.php HTTP/1.1" 200 31677
::1 - - [30/Jan/2022:20:05:57 +0900] "GET /wp-content/themes/twentytwenty/screenshot.png HTTP/1.1" 200 53066
::1 - - [30/Jan/2022:20:05:57 +0900] "GET /wp-content/themes/twentynineteen/screenshot.png HTTP/1.1" 200 175535
::1 - - [30/Jan/2022:20:05:57 +0900] "GET /wp-content/themes/twentytwentyone/screenshot.png HTTP/1.1" 200 282897
::1 - - [30/Jan/2022:20:05:58 +0900] "GET /wp-admin/load-styles.php?c=1&dir=ltr&load%5Bchunk_0%5D=dashicons,admin-bar,common,forms,admin-menu,dashboard,list-tables,edit,revisions,media,themes,about,nav-menus,wp-pointer,widgets&load%5Bchunk_1%5D=,site-icon,l10n,buttons,wp-auth-check&ver=5.8.3 HTTP/1.1" 200 381608
::1 - - [30/Jan/2022:20:05:58 +0900] "GET /wp-admin/edit.php HTTP/1.1" 200 49942
::1 - - [30/Jan/2022:20:05:58 +0900] "GET /wp-admin/js/tags-suggest.min.js?ver=5.8.3 HTTP/1.1" 200 2250
::1 - - [30/Jan/2022:20:05:58 +0900] "GET /wp-admin/js/inline-edit-post.min.js?ver=5.8.3 HTTP/1.1" 200 7411
::1 - - [30/Jan/2022:20:05:59 +0900] "POST /wp-admin/admin-ajax.php HTTP/1.1" 200 47
::1 - - [30/Jan/2022:20:06:02 +0900] "GET /wp-admin/load-styles.php?c=1&dir=ltr&load%5Bchunk_0%5D=dashicons,admin-bar,buttons,media-views,editor-buttons,wp-components,wp-block-editor,wp-nux,wp-reusable-blocks,wp-editor,common,&load%5Bchunk_1%5D=forms,wp-reset-editor-styles,wp-block-library,wp-editor-classic-layout-styles,wp-block-library-theme,wp-edit-blocks,wp-edit-post&load%5Bchunk_2%5D=,wp-block-directory,wp-format-library,admin-menu,dashboard,list-tables,edit,revisions,media,themes,about,nav-menus,wp-pointer,wi&load%5Bchunk_3%5D=dgets,site-icon,l10n,wp-auth-check&ver=5.8.3 HTTP/1.1" 200 895931
::1 - - [30/Jan/2022:20:06:01 +0900] "GET /wp-admin/post-new.php HTTP/1.1" 200 368009
::1 - - [30/Jan/2022:20:06:02 +0900] "GET /wp-admin/load-scripts.php?c=1&load%5Bchunk_0%5D=jquery-core,jquery-migrate,utils,moxiejs,plupload&ver=5.8.3 HTTP/1.1" 200 205880
::1 - - [30/Jan/2022:20:06:03 +0900] "GET /wp-json/wp/v2/blocks?context=edit&per_page=100&_locale=user HTTP/1.1" 200 2
::1 - - [30/Jan/2022:20:06:03 +0900] "GET /wp-json/wp/v2/users/me?_locale=user HTTP/1.1" 200 593
::1 - - [30/Jan/2022:20:06:03 +0900] "GET /wp-json/wp/v2/users/?who=authors&per_page=100&_locale=user HTTP/1.1" 200 595
::1 - - [30/Jan/2022:20:06:03 +0900] "GET /wp-json/wp/v2/templates?context=edit&per_page=100&_locale=user HTTP/1.1" 200 2
::1 - - [30/Jan/2022:20:06:03 +0900] "GET /wp-json/wp/v2/posts/20?_locale=user HTTP/1.1" 200 1495
::1 - - [30/Jan/2022:20:06:04 +0900] "POST /wp-admin/admin-ajax.php HTTP/1.1" 200 1
::1 - - [30/Jan/2022:20:06:08 +0900] "GET /wp-includes/js/customize-base.min.js?ver=5.8.3 HTTP/1.1" 200 7856
::1 - - [30/Jan/2022:20:06:07 +0900] "GET /wp-admin/themes.php HTTP/1.1" 200 55565
::1 - - [30/Jan/2022:20:06:08 +0900] "GET /wp-admin/js/theme.min.js?ver=5.8.3 HTTP/1.1" 200 26960
::1 - - [30/Jan/2022:20:06:16 +0900] "GET /wp-admin/undefined HTTP/1.1" 404 6262
::1 - - [30/Jan/2022:20:06:50 +0900] "GET /wp-admin/undefined HTTP/1.1" 404 6262
::1 - - [30/Jan/2022:20:07:08 +0900] "POST /wp-admin/admin-ajax.php HTTP/1.1" 200 47
::1 - - [30/Jan/2022:20:08:08 +0900] "POST /wp-admin/admin-ajax.php HTTP/1.1" 200 47
::1 - - [30/Jan/2022:20:09:08 +0900] "POST /wp-admin/admin-ajax.php HTTP/1.1" 200 47
